CRITICAL - 2021-12-05 13:06:58 --> Undefined variable: section
#0 C:\xampp\apps\b4t\app\Views\backend\users\partials\_add_view.php(74): CodeIgniter\Debug\Exceptions->errorHandler(8, 'Undefined varia...', 'C:\\xampp\\apps\\b...', 74, Array)
#1 C:\xampp\apps\b4t\system\View\View.php(214): include('C:\\xampp\\apps\\b...')
#2 C:\xampp\apps\b4t\system\View\View.php(217): CodeIgniter\View\View->CodeIgniter\View\{closure}()
#3 C:\xampp\apps\b4t\system\View\View.php(432): CodeIgniter\View\View->render('backend/users/p...', NULL, true)
#4 C:\xampp\apps\b4t\app\Views\backend\users\add_view.php(34): CodeIgniter\View\View->include('backend/users/p...')
#5 C:\xampp\apps\b4t\system\View\View.php(214): include('C:\\xampp\\apps\\b...')
#6 C:\xampp\apps\b4t\system\View\View.php(217): CodeIgniter\View\View->CodeIgniter\View\{closure}()
#7 C:\xampp\apps\b4t\system\Common.php(1092): CodeIgniter\View\View->render('backend/users/a...', Array, true)
#8 C:\xampp\apps\b4t\app\Controllers\backend\UsersController.php(55): view('backend/users/a...', Array)
#9 C:\xampp\apps\b4t\system\CodeIgniter.php(802): App\Controllers\backend\UsersController->add()
#10 C:\xampp\apps\b4t\system\CodeIgniter.php(399): CodeIgniter\CodeIgniter->runController(Object(App\Controllers\backend\UsersController))
#11 C:\xampp\apps\b4t\system\CodeIgniter.php(317): CodeIgniter\CodeIgniter->handleRequest(NULL, Object(Config\Cache), false)
#12 C:\xampp\htdocs\apps\b4t\index.php(37): CodeIgniter\CodeIgniter->run()
#13 {main}
CRITICAL - 2021-12-05 13:32:42 --> Undefined property: stdClass::$users_image
#0 C:\xampp\apps\b4t\app\Views\backend\users\partials\_show_view.php(79): CodeIgniter\Debug\Exceptions->errorHandler(8, 'Undefined prope...', 'C:\\xampp\\apps\\b...', 79, Array)
#1 C:\xampp\apps\b4t\system\View\View.php(214): include('C:\\xampp\\apps\\b...')
#2 C:\xampp\apps\b4t\system\View\View.php(217): CodeIgniter\View\View->CodeIgniter\View\{closure}()
#3 C:\xampp\apps\b4t\system\View\View.php(432): CodeIgniter\View\View->render('backend/users/p...', NULL, true)
#4 C:\xampp\apps\b4t\app\Views\backend\users\show_view.php(34): CodeIgniter\View\View->include('backend/users/p...')
#5 C:\xampp\apps\b4t\system\View\View.php(214): include('C:\\xampp\\apps\\b...')
#6 C:\xampp\apps\b4t\system\View\View.php(217): CodeIgniter\View\View->CodeIgniter\View\{closure}()
#7 C:\xampp\apps\b4t\system\Common.php(1092): CodeIgniter\View\View->render('backend/users/s...', Array, true)
#8 C:\xampp\apps\b4t\app\Controllers\backend\UsersController.php(193): view('backend/users/s...', Array)
#9 C:\xampp\apps\b4t\system\CodeIgniter.php(802): App\Controllers\backend\UsersController->show(9)
#10 C:\xampp\apps\b4t\system\CodeIgniter.php(399): CodeIgniter\CodeIgniter->runController(Object(App\Controllers\backend\UsersController))
#11 C:\xampp\apps\b4t\system\CodeIgniter.php(317): CodeIgniter\CodeIgniter->handleRequest(NULL, Object(Config\Cache), false)
#12 C:\xampp\htdocs\apps\b4t\index.php(37): CodeIgniter\CodeIgniter->run()
#13 {main}
CRITICAL - 2021-12-05 14:33:24 --> Undefined index: users_image
#0 C:\xampp\apps\b4t\app\Models\backend\UsersModel.php(185): CodeIgniter\Debug\Exceptions->errorHandler(8, 'Undefined index...', 'C:\\xampp\\apps\\b...', 185, Array)
#1 C:\xampp\apps\b4t\app\Controllers\backend\UsersController.php(176): App\Models\backend\UsersModel->edit(Array)
#2 C:\xampp\apps\b4t\system\CodeIgniter.php(802): App\Controllers\backend\UsersController->editAction()
#3 C:\xampp\apps\b4t\system\CodeIgniter.php(399): CodeIgniter\CodeIgniter->runController(Object(App\Controllers\backend\UsersController))
#4 C:\xampp\apps\b4t\system\CodeIgniter.php(317): CodeIgniter\CodeIgniter->handleRequest(NULL, Object(Config\Cache), false)
#5 C:\xampp\htdocs\apps\b4t\index.php(37): CodeIgniter\CodeIgniter->run()
#6 {main}
CRITICAL - 2021-12-05 14:34:11 --> Undefined index: users_image
#0 C:\xampp\apps\b4t\app\Models\backend\UsersModel.php(185): CodeIgniter\Debug\Exceptions->errorHandler(8, 'Undefined index...', 'C:\\xampp\\apps\\b...', 185, Array)
#1 C:\xampp\apps\b4t\app\Controllers\backend\UsersController.php(176): App\Models\backend\UsersModel->edit(Array)
#2 C:\xampp\apps\b4t\system\CodeIgniter.php(802): App\Controllers\backend\UsersController->editAction()
#3 C:\xampp\apps\b4t\system\CodeIgniter.php(399): CodeIgniter\CodeIgniter->runController(Object(App\Controllers\backend\UsersController))
#4 C:\xampp\apps\b4t\system\CodeIgniter.php(317): CodeIgniter\CodeIgniter->handleRequest(NULL, Object(Config\Cache), false)
#5 C:\xampp\htdocs\apps\b4t\index.php(37): CodeIgniter\CodeIgniter->run()
#6 {main}
CRITICAL - 2021-12-05 14:35:41 --> Undefined index: users_image
#0 C:\xampp\apps\b4t\app\Models\backend\UsersModel.php(185): CodeIgniter\Debug\Exceptions->errorHandler(8, 'Undefined index...', 'C:\\xampp\\apps\\b...', 185, Array)
#1 C:\xampp\apps\b4t\app\Controllers\backend\UsersController.php(176): App\Models\backend\UsersModel->edit(Array)
#2 C:\xampp\apps\b4t\system\CodeIgniter.php(802): App\Controllers\backend\UsersController->editAction()
#3 C:\xampp\apps\b4t\system\CodeIgniter.php(399): CodeIgniter\CodeIgniter->runController(Object(App\Controllers\backend\UsersController))
#4 C:\xampp\apps\b4t\system\CodeIgniter.php(317): CodeIgniter\CodeIgniter->handleRequest(NULL, Object(Config\Cache), false)
#5 C:\xampp\htdocs\apps\b4t\index.php(37): CodeIgniter\CodeIgniter->run()
#6 {main}
CRITICAL - 2021-12-05 14:36:38 --> Undefined index: users_image
#0 C:\xampp\apps\b4t\app\Models\backend\UsersModel.php(185): CodeIgniter\Debug\Exceptions->errorHandler(8, 'Undefined index...', 'C:\\xampp\\apps\\b...', 185, Array)
#1 C:\xampp\apps\b4t\app\Controllers\backend\UsersController.php(176): App\Models\backend\UsersModel->edit(Array)
#2 C:\xampp\apps\b4t\system\CodeIgniter.php(802): App\Controllers\backend\UsersController->editAction()
#3 C:\xampp\apps\b4t\system\CodeIgniter.php(399): CodeIgniter\CodeIgniter->runController(Object(App\Controllers\backend\UsersController))
#4 C:\xampp\apps\b4t\system\CodeIgniter.php(317): CodeIgniter\CodeIgniter->handleRequest(NULL, Object(Config\Cache), false)
#5 C:\xampp\htdocs\apps\b4t\index.php(37): CodeIgniter\CodeIgniter->run()
#6 {main}
CRITICAL - 2021-12-05 15:10:01 --> Undefined variable: builder
#0 C:\xampp\apps\b4t\app\Models\backend\UsersModel.php(268): CodeIgniter\Debug\Exceptions->errorHandler(8, 'Undefined varia...', 'C:\\xampp\\apps\\b...', 268, Array)
#1 C:\xampp\apps\b4t\app\Controllers\backend\UsersController.php(326): App\Models\backend\UsersModel->removeAvatar(13)
#2 C:\xampp\apps\b4t\system\CodeIgniter.php(802): App\Controllers\backend\UsersController->removeAvatar()
#3 C:\xampp\apps\b4t\system\CodeIgniter.php(399): CodeIgniter\CodeIgniter->runController(Object(App\Controllers\backend\UsersController))
#4 C:\xampp\apps\b4t\system\CodeIgniter.php(317): CodeIgniter\CodeIgniter->handleRequest(NULL, Object(Config\Cache), false)
#5 C:\xampp\htdocs\apps\b4t\index.php(37): CodeIgniter\CodeIgniter->run()
#6 {main}
CRITICAL - 2021-12-05 15:10:41 --> Undefined variable: id
#0 C:\xampp\apps\b4t\app\Models\backend\UsersModel.php(276): CodeIgniter\Debug\Exceptions->errorHandler(8, 'Undefined varia...', 'C:\\xampp\\apps\\b...', 276, Array)
#1 C:\xampp\apps\b4t\app\Controllers\backend\UsersController.php(326): App\Models\backend\UsersModel->removeAvatar(13)
#2 C:\xampp\apps\b4t\system\CodeIgniter.php(802): App\Controllers\backend\UsersController->removeAvatar()
#3 C:\xampp\apps\b4t\system\CodeIgniter.php(399): CodeIgniter\CodeIgniter->runController(Object(App\Controllers\backend\UsersController))
#4 C:\xampp\apps\b4t\system\CodeIgniter.php(317): CodeIgniter\CodeIgniter->handleRequest(NULL, Object(Config\Cache), false)
#5 C:\xampp\htdocs\apps\b4t\index.php(37): CodeIgniter\CodeIgniter->run()
#6 {main}
CRITICAL - 2021-12-05 15:14:55 --> unlink(./files/users/section/): Is a directory
#0 [internal function]: CodeIgniter\Debug\Exceptions->errorHandler(2, 'unlink(./files/...', 'C:\\xampp\\apps\\b...', 285, Array)
#1 C:\xampp\apps\b4t\app\Models\backend\BackendModel.php(285): unlink('./files/users/s...')
#2 C:\xampp\apps\b4t\app\Models\backend\UsersModel.php(186): App\Models\backend\BackendModel->removeImages(NULL)
#3 C:\xampp\apps\b4t\app\Controllers\backend\UsersController.php(176): App\Models\backend\UsersModel->edit(Array)
#4 C:\xampp\apps\b4t\system\CodeIgniter.php(802): App\Controllers\backend\UsersController->editAction()
#5 C:\xampp\apps\b4t\system\CodeIgniter.php(399): CodeIgniter\CodeIgniter->runController(Object(App\Controllers\backend\UsersController))
#6 C:\xampp\apps\b4t\system\CodeIgniter.php(317): CodeIgniter\CodeIgniter->handleRequest(NULL, Object(Config\Cache), false)
#7 C:\xampp\htdocs\apps\b4t\index.php(37): CodeIgniter\CodeIgniter->run()
#8 {main}
CRITICAL - 2021-12-05 15:17:16 --> unlink(./files/users/section/): Is a directory
#0 [internal function]: CodeIgniter\Debug\Exceptions->errorHandler(2, 'unlink(./files/...', 'C:\\xampp\\apps\\b...', 285, Array)
#1 C:\xampp\apps\b4t\app\Models\backend\BackendModel.php(285): unlink('./files/users/s...')
#2 C:\xampp\apps\b4t\app\Models\backend\UsersModel.php(187): App\Models\backend\BackendModel->removeImages(NULL)
#3 C:\xampp\apps\b4t\app\Controllers\backend\UsersController.php(176): App\Models\backend\UsersModel->edit(Array)
#4 C:\xampp\apps\b4t\system\CodeIgniter.php(802): App\Controllers\backend\UsersController->editAction()
#5 C:\xampp\apps\b4t\system\CodeIgniter.php(399): CodeIgniter\CodeIgniter->runController(Object(App\Controllers\backend\UsersController))
#6 C:\xampp\apps\b4t\system\CodeIgniter.php(317): CodeIgniter\CodeIgniter->handleRequest(NULL, Object(Config\Cache), false)
#7 C:\xampp\htdocs\apps\b4t\index.php(37): CodeIgniter\CodeIgniter->run()
#8 {main}
CRITICAL - 2021-12-05 15:53:10 --> Undefined variable: currentUser
#0 C:\xampp\apps\b4t\app\Controllers\backend\UsersController.php(293): CodeIgniter\Debug\Exceptions->errorHandler(8, 'Undefined varia...', 'C:\\xampp\\apps\\b...', 293, Array)
#1 C:\xampp\apps\b4t\system\CodeIgniter.php(802): App\Controllers\backend\UsersController->accountAction()
#2 C:\xampp\apps\b4t\system\CodeIgniter.php(399): CodeIgniter\CodeIgniter->runController(Object(App\Controllers\backend\UsersController))
#3 C:\xampp\apps\b4t\system\CodeIgniter.php(317): CodeIgniter\CodeIgniter->handleRequest(NULL, Object(Config\Cache), false)
#4 C:\xampp\htdocs\apps\b4t\index.php(37): CodeIgniter\CodeIgniter->run()
#5 {main}
CRITICAL - 2021-12-05 20:37:43 --> Invalid file: backend/users/reset_email_view.php
#0 C:\xampp\apps\b4t\system\View\View.php(198): CodeIgniter\Exceptions\FrameworkException::forInvalidFile('backend/users/r...')
#1 C:\xampp\apps\b4t\system\Common.php(1092): CodeIgniter\View\View->render('backend/users/r...', Array, true)
#2 C:\xampp\apps\b4t\app\Models\backend\BackendModel.php(379): view('backend/users/r...', Array)
#3 C:\xampp\apps\b4t\app\Models\backend\UsersModel.php(319): App\Models\backend\BackendModel->sendEmail(Array)
#4 C:\xampp\apps\b4t\app\Controllers\backend\UsersController.php(357): App\Models\backend\UsersModel->resetPassword(6)
#5 C:\xampp\apps\b4t\system\CodeIgniter.php(802): App\Controllers\backend\UsersController->resetPassword()
#6 C:\xampp\apps\b4t\system\CodeIgniter.php(399): CodeIgniter\CodeIgniter->runController(Object(App\Controllers\backend\UsersController))
#7 C:\xampp\apps\b4t\system\CodeIgniter.php(317): CodeIgniter\CodeIgniter->handleRequest(NULL, Object(Config\Cache), false)
#8 C:\xampp\htdocs\apps\b4t\index.php(37): CodeIgniter\CodeIgniter->run()
#9 {main}
CRITICAL - 2021-12-05 20:42:42 --> Undefined index: user
#0 C:\xampp\apps\b4t\app\Controllers\backend\UsersController.php(360): CodeIgniter\Debug\Exceptions->errorHandler(8, 'Undefined index...', 'C:\\xampp\\apps\\b...', 360, Array)
#1 C:\xampp\apps\b4t\system\CodeIgniter.php(802): App\Controllers\backend\UsersController->resetPassword()
#2 C:\xampp\apps\b4t\system\CodeIgniter.php(399): CodeIgniter\CodeIgniter->runController(Object(App\Controllers\backend\UsersController))
#3 C:\xampp\apps\b4t\system\CodeIgniter.php(317): CodeIgniter\CodeIgniter->handleRequest(NULL, Object(Config\Cache), false)
#4 C:\xampp\htdocs\apps\b4t\index.php(37): CodeIgniter\CodeIgniter->run()
#5 {main}
CRITICAL - 2021-12-05 20:44:00 --> Undefined variable: user
#0 C:\xampp\apps\b4t\app\Views\backend\users\partials\_account_view.php(7): CodeIgniter\Debug\Exceptions->errorHandler(8, 'Undefined varia...', 'C:\\xampp\\apps\\b...', 7, Array)
#1 C:\xampp\apps\b4t\system\View\View.php(214): include('C:\\xampp\\apps\\b...')
#2 C:\xampp\apps\b4t\system\View\View.php(217): CodeIgniter\View\View->CodeIgniter\View\{closure}()
#3 C:\xampp\apps\b4t\system\Common.php(1092): CodeIgniter\View\View->render('backend/users/p...', Array, true)
#4 C:\xampp\apps\b4t\app\Controllers\backend\UsersController.php(360): view('backend/users/p...', Array)
#5 C:\xampp\apps\b4t\system\CodeIgniter.php(802): App\Controllers\backend\UsersController->resetPassword()
#6 C:\xampp\apps\b4t\system\CodeIgniter.php(399): CodeIgniter\CodeIgniter->runController(Object(App\Controllers\backend\UsersController))
#7 C:\xampp\apps\b4t\system\CodeIgniter.php(317): CodeIgniter\CodeIgniter->handleRequest(NULL, Object(Config\Cache), false)
#8 C:\xampp\htdocs\apps\b4t\index.php(37): CodeIgniter\CodeIgniter->run()
#9 {main}
CRITICAL - 2021-12-05 21:01:27 --> syntax error, unexpected '', expecting endswitch (T_ENDSWITCH) or case (T_CASE) or default (T_DEFAULT)
#0 C:\xampp\apps\b4t\system\View\View.php(217): CodeIgniter\View\View->CodeIgniter\View\{closure}()
#1 C:\xampp\apps\b4t\system\Common.php(1092): CodeIgniter\View\View->render('backend/templat...', Array, true)
#2 C:\xampp\apps\b4t\app\Models\backend\BackendModel.php(377): view('backend/templat...', Array)
#3 C:\xampp\apps\b4t\app\Models\backend\UsersModel.php(317): App\Models\backend\BackendModel->sendEmail(Array)
#4 C:\xampp\apps\b4t\app\Controllers\backend\UsersController.php(357): App\Models\backend\UsersModel->resetPassword(6)
#5 C:\xampp\apps\b4t\system\CodeIgniter.php(802): App\Controllers\backend\UsersController->resetPassword()
#6 C:\xampp\apps\b4t\system\CodeIgniter.php(399): CodeIgniter\CodeIgniter->runController(Object(App\Controllers\backend\UsersController))
#7 C:\xampp\apps\b4t\system\CodeIgniter.php(317): CodeIgniter\CodeIgniter->handleRequest(NULL, Object(Config\Cache), false)
#8 C:\xampp\htdocs\apps\b4t\index.php(37): CodeIgniter\CodeIgniter->run()
#9 {main}
CRITICAL - 2021-12-05 21:01:56 --> syntax error, unexpected '', expecting endswitch (T_ENDSWITCH) or case (T_CASE) or default (T_DEFAULT)
#0 C:\xampp\apps\b4t\system\View\View.php(217): CodeIgniter\View\View->CodeIgniter\View\{closure}()
#1 C:\xampp\apps\b4t\system\Common.php(1092): CodeIgniter\View\View->render('backend/templat...', Array, true)
#2 C:\xampp\apps\b4t\app\Models\backend\BackendModel.php(377): view('backend/templat...', Array)
#3 C:\xampp\apps\b4t\app\Models\backend\UsersModel.php(317): App\Models\backend\BackendModel->sendEmail(Array)
#4 C:\xampp\apps\b4t\app\Controllers\backend\UsersController.php(357): App\Models\backend\UsersModel->resetPassword(6)
#5 C:\xampp\apps\b4t\system\CodeIgniter.php(802): App\Controllers\backend\UsersController->resetPassword()
#6 C:\xampp\apps\b4t\system\CodeIgniter.php(399): CodeIgniter\CodeIgniter->runController(Object(App\Controllers\backend\UsersController))
#7 C:\xampp\apps\b4t\system\CodeIgniter.php(317): CodeIgniter\CodeIgniter->handleRequest(NULL, Object(Config\Cache), false)
#8 C:\xampp\htdocs\apps\b4t\index.php(37): CodeIgniter\CodeIgniter->run()
#9 {main}
CRITICAL - 2021-12-05 21:03:15 --> syntax error, unexpected '', expecting endswitch (T_ENDSWITCH) or case (T_CASE) or default (T_DEFAULT)
#0 C:\xampp\apps\b4t\system\View\View.php(217): CodeIgniter\View\View->CodeIgniter\View\{closure}()
#1 C:\xampp\apps\b4t\system\Common.php(1092): CodeIgniter\View\View->render('backend/templat...', Array, true)
#2 C:\xampp\apps\b4t\app\Models\backend\BackendModel.php(377): view('backend/templat...', Array)
#3 C:\xampp\apps\b4t\app\Models\backend\UsersModel.php(317): App\Models\backend\BackendModel->sendEmail(Array)
#4 C:\xampp\apps\b4t\app\Controllers\backend\UsersController.php(357): App\Models\backend\UsersModel->resetPassword(6)
#5 C:\xampp\apps\b4t\system\CodeIgniter.php(802): App\Controllers\backend\UsersController->resetPassword()
#6 C:\xampp\apps\b4t\system\CodeIgniter.php(399): CodeIgniter\CodeIgniter->runController(Object(App\Controllers\backend\UsersController))
#7 C:\xampp\apps\b4t\system\CodeIgniter.php(317): CodeIgniter\CodeIgniter->handleRequest(NULL, Object(Config\Cache), false)
#8 C:\xampp\htdocs\apps\b4t\index.php(37): CodeIgniter\CodeIgniter->run()
#9 {main}
CRITICAL - 2021-12-05 21:03:56 --> syntax error, unexpected '', expecting endswitch (T_ENDSWITCH) or case (T_CASE) or default (T_DEFAULT)
#0 C:\xampp\apps\b4t\system\View\View.php(217): CodeIgniter\View\View->CodeIgniter\View\{closure}()
#1 C:\xampp\apps\b4t\system\Common.php(1092): CodeIgniter\View\View->render('backend/templat...', Array, true)
#2 C:\xampp\apps\b4t\app\Models\backend\BackendModel.php(377): view('backend/templat...', Array)
#3 C:\xampp\apps\b4t\app\Models\backend\UsersModel.php(317): App\Models\backend\BackendModel->sendEmail(Array)
#4 C:\xampp\apps\b4t\app\Controllers\backend\UsersController.php(357): App\Models\backend\UsersModel->resetPassword(6)
#5 C:\xampp\apps\b4t\system\CodeIgniter.php(802): App\Controllers\backend\UsersController->resetPassword()
#6 C:\xampp\apps\b4t\system\CodeIgniter.php(399): CodeIgniter\CodeIgniter->runController(Object(App\Controllers\backend\UsersController))
#7 C:\xampp\apps\b4t\system\CodeIgniter.php(317): CodeIgniter\CodeIgniter->handleRequest(NULL, Object(Config\Cache), false)
#8 C:\xampp\htdocs\apps\b4t\index.php(37): CodeIgniter\CodeIgniter->run()
#9 {main}
CRITICAL - 2021-12-05 21:05:15 --> syntax error, unexpected '', expecting endswitch (T_ENDSWITCH) or case (T_CASE) or default (T_DEFAULT)
#0 C:\xampp\apps\b4t\system\View\View.php(217): CodeIgniter\View\View->CodeIgniter\View\{closure}()
#1 C:\xampp\apps\b4t\system\Common.php(1092): CodeIgniter\View\View->render('backend/templat...', Array, true)
#2 C:\xampp\apps\b4t\app\Models\backend\BackendModel.php(377): view('backend/templat...', Array)
#3 C:\xampp\apps\b4t\app\Models\backend\UsersModel.php(317): App\Models\backend\BackendModel->sendEmail(Array)
#4 C:\xampp\apps\b4t\app\Controllers\backend\UsersController.php(357): App\Models\backend\UsersModel->resetPassword(6)
#5 C:\xampp\apps\b4t\system\CodeIgniter.php(802): App\Controllers\backend\UsersController->resetPassword()
#6 C:\xampp\apps\b4t\system\CodeIgniter.php(399): CodeIgniter\CodeIgniter->runController(Object(App\Controllers\backend\UsersController))
#7 C:\xampp\apps\b4t\system\CodeIgniter.php(317): CodeIgniter\CodeIgniter->handleRequest(NULL, Object(Config\Cache), false)
#8 C:\xampp\htdocs\apps\b4t\index.php(37): CodeIgniter\CodeIgniter->run()
#9 {main}
CRITICAL - 2021-12-05 21:07:46 --> syntax error, unexpected '	', expecting endswitch (T_ENDSWITCH) or case (T_CASE) or default (T_DEFAULT)
#0 C:\xampp\apps\b4t\system\View\View.php(217): CodeIgniter\View\View->CodeIgniter\View\{closure}()
#1 C:\xampp\apps\b4t\system\Common.php(1092): CodeIgniter\View\View->render('backend/templat...', Array, true)
#2 C:\xampp\apps\b4t\app\Models\backend\BackendModel.php(377): view('backend/templat...', Array)
#3 C:\xampp\apps\b4t\app\Models\backend\UsersModel.php(317): App\Models\backend\BackendModel->sendEmail(Array)
#4 C:\xampp\apps\b4t\app\Controllers\backend\UsersController.php(357): App\Models\backend\UsersModel->resetPassword(6)
#5 C:\xampp\apps\b4t\system\CodeIgniter.php(802): App\Controllers\backend\UsersController->resetPassword()
#6 C:\xampp\apps\b4t\system\CodeIgniter.php(399): CodeIgniter\CodeIgniter->runController(Object(App\Controllers\backend\UsersController))
#7 C:\xampp\apps\b4t\system\CodeIgniter.php(317): CodeIgniter\CodeIgniter->handleRequest(NULL, Object(Config\Cache), false)
#8 C:\xampp\htdocs\apps\b4t\index.php(37): CodeIgniter\CodeIgniter->run()
#9 {main}
