CRITICAL - 2021-12-01 12:53:47 --> Invalid file: backend/contacts/show_view.php
#0 C:\xampp\apps\b4t\system\View\View.php(198): CodeIgniter\Exceptions\FrameworkException::forInvalidFile('backend/contact...')
#1 C:\xampp\apps\b4t\system\Common.php(1092): CodeIgniter\View\View->render('backend/contact...', Array, true)
#2 C:\xampp\apps\b4t\app\Controllers\backend\ContactsController.php(60): view('backend/contact...', Array)
#3 C:\xampp\apps\b4t\system\CodeIgniter.php(802): App\Controllers\backend\ContactsController->show(4)
#4 C:\xampp\apps\b4t\system\CodeIgniter.php(399): CodeIgniter\CodeIgniter->runController(Object(App\Controllers\backend\ContactsController))
#5 C:\xampp\apps\b4t\system\CodeIgniter.php(317): CodeIgniter\CodeIgniter->handleRequest(NULL, Object(Config\Cache), false)
#6 C:\xampp\htdocs\apps\b4t\index.php(37): CodeIgniter\CodeIgniter->run()
#7 {main}
CRITICAL - 2021-12-01 12:55:42 --> Invalid file: backend/contacts/show_view.php
#0 C:\xampp\apps\b4t\system\View\View.php(198): CodeIgniter\Exceptions\FrameworkException::forInvalidFile('backend/contact...')
#1 C:\xampp\apps\b4t\system\Common.php(1092): CodeIgniter\View\View->render('backend/contact...', Array, true)
#2 C:\xampp\apps\b4t\app\Controllers\backend\ContactsController.php(60): view('backend/contact...', Array)
#3 C:\xampp\apps\b4t\system\CodeIgniter.php(802): App\Controllers\backend\ContactsController->show(4)
#4 C:\xampp\apps\b4t\system\CodeIgniter.php(399): CodeIgniter\CodeIgniter->runController(Object(App\Controllers\backend\ContactsController))
#5 C:\xampp\apps\b4t\system\CodeIgniter.php(317): CodeIgniter\CodeIgniter->handleRequest(NULL, Object(Config\Cache), false)
#6 C:\xampp\htdocs\apps\b4t\index.php(37): CodeIgniter\CodeIgniter->run()
#7 {main}
CRITICAL - 2021-12-01 13:00:30 --> Undefined variable $contact
#0 C:\xampp\apps\b4t\app\Views\backend\contacts\partials\_show_view.php(12): CodeIgniter\Debug\Exceptions->errorHandler(2, 'Undefined varia...', 'C:\\xampp\\apps\\b...', 12)
#1 C:\xampp\apps\b4t\system\View\View.php(214): include('C:\\xampp\\apps\\b...')
#2 C:\xampp\apps\b4t\system\View\View.php(217): CodeIgniter\View\View->CodeIgniter\View\{closure}()
#3 C:\xampp\apps\b4t\system\View\View.php(432): CodeIgniter\View\View->render('backend/contact...', NULL, true)
#4 C:\xampp\apps\b4t\app\Views\backend\contacts\show_view.php(41): CodeIgniter\View\View->include('backend/contact...')
#5 C:\xampp\apps\b4t\system\View\View.php(214): include('C:\\xampp\\apps\\b...')
#6 C:\xampp\apps\b4t\system\View\View.php(217): CodeIgniter\View\View->CodeIgniter\View\{closure}()
#7 C:\xampp\apps\b4t\system\Common.php(1092): CodeIgniter\View\View->render('backend/contact...', Array, true)
#8 C:\xampp\apps\b4t\app\Controllers\backend\ContactsController.php(60): view('backend/contact...', Array)
#9 C:\xampp\apps\b4t\system\CodeIgniter.php(802): App\Controllers\backend\ContactsController->show(4)
#10 C:\xampp\apps\b4t\system\CodeIgniter.php(399): CodeIgniter\CodeIgniter->runController(Object(App\Controllers\backend\ContactsController))
#11 C:\xampp\apps\b4t\system\CodeIgniter.php(317): CodeIgniter\CodeIgniter->handleRequest(NULL, Object(Config\Cache), false)
#12 C:\xampp\htdocs\apps\b4t\index.php(37): CodeIgniter\CodeIgniter->run()
#13 {main}
CRITICAL - 2021-12-01 13:03:54 --> Undefined variable $contact
#0 C:\xampp\apps\b4t\app\Views\backend\contacts\partials\_show_view.php(12): CodeIgniter\Debug\Exceptions->errorHandler(2, 'Undefined varia...', 'C:\\xampp\\apps\\b...', 12)
#1 C:\xampp\apps\b4t\system\View\View.php(214): include('C:\\xampp\\apps\\b...')
#2 C:\xampp\apps\b4t\system\View\View.php(217): CodeIgniter\View\View->CodeIgniter\View\{closure}()
#3 C:\xampp\apps\b4t\system\View\View.php(432): CodeIgniter\View\View->render('backend/contact...', NULL, true)
#4 C:\xampp\apps\b4t\app\Views\backend\contacts\show_view.php(41): CodeIgniter\View\View->include('backend/contact...')
#5 C:\xampp\apps\b4t\system\View\View.php(214): include('C:\\xampp\\apps\\b...')
#6 C:\xampp\apps\b4t\system\View\View.php(217): CodeIgniter\View\View->CodeIgniter\View\{closure}()
#7 C:\xampp\apps\b4t\system\Common.php(1092): CodeIgniter\View\View->render('backend/contact...', Array, true)
#8 C:\xampp\apps\b4t\app\Controllers\backend\ContactsController.php(60): view('backend/contact...', Array)
#9 C:\xampp\apps\b4t\system\CodeIgniter.php(802): App\Controllers\backend\ContactsController->show(4)
#10 C:\xampp\apps\b4t\system\CodeIgniter.php(399): CodeIgniter\CodeIgniter->runController(Object(App\Controllers\backend\ContactsController))
#11 C:\xampp\apps\b4t\system\CodeIgniter.php(317): CodeIgniter\CodeIgniter->handleRequest(NULL, Object(Config\Cache), false)
#12 C:\xampp\htdocs\apps\b4t\index.php(37): CodeIgniter\CodeIgniter->run()
#13 {main}
CRITICAL - 2021-12-01 13:04:36 --> Undefined variable $contact
#0 C:\xampp\apps\b4t\app\Views\backend\contacts\partials\_show_view.php(12): CodeIgniter\Debug\Exceptions->errorHandler(2, 'Undefined varia...', 'C:\\xampp\\apps\\b...', 12)
#1 C:\xampp\apps\b4t\system\View\View.php(214): include('C:\\xampp\\apps\\b...')
#2 C:\xampp\apps\b4t\system\View\View.php(217): CodeIgniter\View\View->CodeIgniter\View\{closure}()
#3 C:\xampp\apps\b4t\system\View\View.php(432): CodeIgniter\View\View->render('backend/contact...', NULL, true)
#4 C:\xampp\apps\b4t\app\Views\backend\contacts\show_view.php(41): CodeIgniter\View\View->include('backend/contact...')
#5 C:\xampp\apps\b4t\system\View\View.php(214): include('C:\\xampp\\apps\\b...')
#6 C:\xampp\apps\b4t\system\View\View.php(217): CodeIgniter\View\View->CodeIgniter\View\{closure}()
#7 C:\xampp\apps\b4t\system\Common.php(1092): CodeIgniter\View\View->render('backend/contact...', Array, true)
#8 C:\xampp\apps\b4t\app\Controllers\backend\ContactsController.php(60): view('backend/contact...', Array)
#9 C:\xampp\apps\b4t\system\CodeIgniter.php(802): App\Controllers\backend\ContactsController->show(4)
#10 C:\xampp\apps\b4t\system\CodeIgniter.php(399): CodeIgniter\CodeIgniter->runController(Object(App\Controllers\backend\ContactsController))
#11 C:\xampp\apps\b4t\system\CodeIgniter.php(317): CodeIgniter\CodeIgniter->handleRequest(NULL, Object(Config\Cache), false)
#12 C:\xampp\htdocs\apps\b4t\index.php(37): CodeIgniter\CodeIgniter->run()
#13 {main}
CRITICAL - 2021-12-01 13:05:39 --> Undefined variable $contact
#0 C:\xampp\apps\b4t\app\Views\backend\contacts\partials\_show_view.php(12): CodeIgniter\Debug\Exceptions->errorHandler(2, 'Undefined varia...', 'C:\\xampp\\apps\\b...', 12)
#1 C:\xampp\apps\b4t\system\View\View.php(214): include('C:\\xampp\\apps\\b...')
#2 C:\xampp\apps\b4t\system\View\View.php(217): CodeIgniter\View\View->CodeIgniter\View\{closure}()
#3 C:\xampp\apps\b4t\system\View\View.php(432): CodeIgniter\View\View->render('backend/contact...', NULL, true)
#4 C:\xampp\apps\b4t\app\Views\backend\contacts\show_view.php(41): CodeIgniter\View\View->include('backend/contact...')
#5 C:\xampp\apps\b4t\system\View\View.php(214): include('C:\\xampp\\apps\\b...')
#6 C:\xampp\apps\b4t\system\View\View.php(217): CodeIgniter\View\View->CodeIgniter\View\{closure}()
#7 C:\xampp\apps\b4t\system\Common.php(1092): CodeIgniter\View\View->render('backend/contact...', Array, true)
#8 C:\xampp\apps\b4t\app\Controllers\backend\ContactsController.php(60): view('backend/contact...', Array)
#9 C:\xampp\apps\b4t\system\CodeIgniter.php(802): App\Controllers\backend\ContactsController->show(4)
#10 C:\xampp\apps\b4t\system\CodeIgniter.php(399): CodeIgniter\CodeIgniter->runController(Object(App\Controllers\backend\ContactsController))
#11 C:\xampp\apps\b4t\system\CodeIgniter.php(317): CodeIgniter\CodeIgniter->handleRequest(NULL, Object(Config\Cache), false)
#12 C:\xampp\htdocs\apps\b4t\index.php(37): CodeIgniter\CodeIgniter->run()
#13 {main}
CRITICAL - 2021-12-01 13:05:50 --> Undefined property: stdClass::$contacts_opening_time
#0 C:\xampp\apps\b4t\app\Views\backend\contacts\partials\_show_view.php(40): CodeIgniter\Debug\Exceptions->errorHandler(2, 'Undefined prope...', 'C:\\xampp\\apps\\b...', 40)
#1 C:\xampp\apps\b4t\system\View\View.php(214): include('C:\\xampp\\apps\\b...')
#2 C:\xampp\apps\b4t\system\View\View.php(217): CodeIgniter\View\View->CodeIgniter\View\{closure}()
#3 C:\xampp\apps\b4t\system\View\View.php(432): CodeIgniter\View\View->render('backend/contact...', NULL, true)
#4 C:\xampp\apps\b4t\app\Views\backend\contacts\show_view.php(41): CodeIgniter\View\View->include('backend/contact...')
#5 C:\xampp\apps\b4t\system\View\View.php(214): include('C:\\xampp\\apps\\b...')
#6 C:\xampp\apps\b4t\system\View\View.php(217): CodeIgniter\View\View->CodeIgniter\View\{closure}()
#7 C:\xampp\apps\b4t\system\Common.php(1092): CodeIgniter\View\View->render('backend/contact...', Array, true)
#8 C:\xampp\apps\b4t\app\Controllers\backend\ContactsController.php(60): view('backend/contact...', Array)
#9 C:\xampp\apps\b4t\system\CodeIgniter.php(802): App\Controllers\backend\ContactsController->show(4)
#10 C:\xampp\apps\b4t\system\CodeIgniter.php(399): CodeIgniter\CodeIgniter->runController(Object(App\Controllers\backend\ContactsController))
#11 C:\xampp\apps\b4t\system\CodeIgniter.php(317): CodeIgniter\CodeIgniter->handleRequest(NULL, Object(Config\Cache), false)
#12 C:\xampp\htdocs\apps\b4t\index.php(37): CodeIgniter\CodeIgniter->run()
#13 {main}
CRITICAL - 2021-12-01 14:50:05 --> Undefined property: stdClass::$events_address
#0 C:\xampp\apps\b4t\app\Views\frontend\events\show_view.php(53): CodeIgniter\Debug\Exceptions->errorHandler(2, 'Undefined prope...', 'C:\\xampp\\apps\\b...', 53)
#1 C:\xampp\apps\b4t\system\View\View.php(214): include('C:\\xampp\\apps\\b...')
#2 C:\xampp\apps\b4t\system\View\View.php(217): CodeIgniter\View\View->CodeIgniter\View\{closure}()
#3 C:\xampp\apps\b4t\system\Common.php(1092): CodeIgniter\View\View->render('frontend/events...', Array, true)
#4 C:\xampp\apps\b4t\app\Controllers\frontend\EventsController.php(58): view('frontend/events...', Array)
#5 C:\xampp\apps\b4t\system\CodeIgniter.php(802): App\Controllers\frontend\EventsController->show('cillum-cupidita...')
#6 C:\xampp\apps\b4t\system\CodeIgniter.php(399): CodeIgniter\CodeIgniter->runController(Object(App\Controllers\frontend\EventsController))
#7 C:\xampp\apps\b4t\system\CodeIgniter.php(317): CodeIgniter\CodeIgniter->handleRequest(NULL, Object(Config\Cache), false)
#8 C:\xampp\htdocs\apps\b4t\index.php(37): CodeIgniter\CodeIgniter->run()
#9 {main}
CRITICAL - 2021-12-01 15:16:24 --> Undefined variable $title
#0 C:\xampp\apps\b4t\app\Views\frontend\template\header_view.php(40): CodeIgniter\Debug\Exceptions->errorHandler(2, 'Undefined varia...', 'C:\\xampp\\apps\\b...', 40)
#1 C:\xampp\apps\b4t\system\View\View.php(214): include('C:\\xampp\\apps\\b...')
#2 C:\xampp\apps\b4t\system\View\View.php(217): CodeIgniter\View\View->CodeIgniter\View\{closure}()
#3 C:\xampp\apps\b4t\system\Common.php(1092): CodeIgniter\View\View->render('frontend/templa...', Array, true)
#4 C:\xampp\apps\b4t\app\Views\frontend\template\main_view.php(1): view('frontend/templa...')
#5 C:\xampp\apps\b4t\system\View\View.php(214): include('C:\\xampp\\apps\\b...')
#6 C:\xampp\apps\b4t\system\View\View.php(217): CodeIgniter\View\View->CodeIgniter\View\{closure}()
#7 C:\xampp\apps\b4t\system\View\View.php(230): CodeIgniter\View\View->render('frontend/templa...', Array, true)
#8 C:\xampp\apps\b4t\system\Common.php(1092): CodeIgniter\View\View->render('frontend/news/s...', Array, true)
#9 C:\xampp\apps\b4t\app\Controllers\frontend\NewsController.php(57): view('frontend/news/s...', Array)
#10 C:\xampp\apps\b4t\system\CodeIgniter.php(802): App\Controllers\frontend\NewsController->show('show', 'proident-deseru...')
#11 C:\xampp\apps\b4t\system\CodeIgniter.php(399): CodeIgniter\CodeIgniter->runController(Object(App\Controllers\frontend\NewsController))
#12 C:\xampp\apps\b4t\system\CodeIgniter.php(317): CodeIgniter\CodeIgniter->handleRequest(NULL, Object(Config\Cache), false)
#13 C:\xampp\htdocs\apps\b4t\index.php(37): CodeIgniter\CodeIgniter->run()
#14 {main}
ERROR - 2021-12-01 16:13:08 --> Unknown column 'users_firstname' in 'field list'
CRITICAL - 2021-12-01 16:13:08 --> Unknown column 'users_firstname' in 'field list'
#0 C:\xampp\apps\b4t\system\Database\MySQLi\Connection.php(280): mysqli->query('INSERT INTO `us...')
#1 C:\xampp\apps\b4t\system\Database\BaseConnection.php(663): CodeIgniter\Database\MySQLi\Connection->execute('INSERT INTO `us...')
#2 C:\xampp\apps\b4t\system\Database\BaseConnection.php(591): CodeIgniter\Database\BaseConnection->simpleQuery('INSERT INTO `us...')
#3 C:\xampp\apps\b4t\system\Database\BaseBuilder.php(1733): CodeIgniter\Database\BaseConnection->query('INSERT INTO `us...', Array, false)
#4 C:\xampp\apps\b4t\app\Models\backend\UsersModel.php(82): CodeIgniter\Database\BaseBuilder->insert(Array)
#5 C:\xampp\apps\b4t\app\Controllers\backend\UsersController.php(91): App\Models\backend\UsersModel->add(Array)
#6 C:\xampp\apps\b4t\system\CodeIgniter.php(802): App\Controllers\backend\UsersController->addAction()
#7 C:\xampp\apps\b4t\system\CodeIgniter.php(399): CodeIgniter\CodeIgniter->runController(Object(App\Controllers\backend\UsersController))
#8 C:\xampp\apps\b4t\system\CodeIgniter.php(317): CodeIgniter\CodeIgniter->handleRequest(NULL, Object(Config\Cache), false)
#9 C:\xampp\htdocs\apps\b4t\index.php(37): CodeIgniter\CodeIgniter->run()
#10 {main}
ERROR - 2021-12-01 16:13:27 --> Unknown column 'users_firstname' in 'field list'
CRITICAL - 2021-12-01 16:13:27 --> Unknown column 'users_firstname' in 'field list'
#0 C:\xampp\apps\b4t\system\Database\MySQLi\Connection.php(280): mysqli->query('INSERT INTO `us...')
#1 C:\xampp\apps\b4t\system\Database\BaseConnection.php(663): CodeIgniter\Database\MySQLi\Connection->execute('INSERT INTO `us...')
#2 C:\xampp\apps\b4t\system\Database\BaseConnection.php(591): CodeIgniter\Database\BaseConnection->simpleQuery('INSERT INTO `us...')
#3 C:\xampp\apps\b4t\system\Database\BaseBuilder.php(1733): CodeIgniter\Database\BaseConnection->query('INSERT INTO `us...', Array, false)
#4 C:\xampp\apps\b4t\app\Models\backend\UsersModel.php(82): CodeIgniter\Database\BaseBuilder->insert(Array)
#5 C:\xampp\apps\b4t\app\Controllers\backend\UsersController.php(91): App\Models\backend\UsersModel->add(Array)
#6 C:\xampp\apps\b4t\system\CodeIgniter.php(802): App\Controllers\backend\UsersController->addAction()
#7 C:\xampp\apps\b4t\system\CodeIgniter.php(399): CodeIgniter\CodeIgniter->runController(Object(App\Controllers\backend\UsersController))
#8 C:\xampp\apps\b4t\system\CodeIgniter.php(317): CodeIgniter\CodeIgniter->handleRequest(NULL, Object(Config\Cache), false)
#9 C:\xampp\htdocs\apps\b4t\index.php(37): CodeIgniter\CodeIgniter->run()
#10 {main}
CRITICAL - 2021-12-01 16:15:18 --> Undefined variable $id
#0 C:\xampp\apps\b4t\app\Models\backend\UsersModel.php(89): CodeIgniter\Debug\Exceptions->errorHandler(2, 'Undefined varia...', 'C:\\xampp\\apps\\b...', 89)
#1 C:\xampp\apps\b4t\app\Controllers\backend\UsersController.php(91): App\Models\backend\UsersModel->add(Array)
#2 C:\xampp\apps\b4t\system\CodeIgniter.php(802): App\Controllers\backend\UsersController->addAction()
#3 C:\xampp\apps\b4t\system\CodeIgniter.php(399): CodeIgniter\CodeIgniter->runController(Object(App\Controllers\backend\UsersController))
#4 C:\xampp\apps\b4t\system\CodeIgniter.php(317): CodeIgniter\CodeIgniter->handleRequest(NULL, Object(Config\Cache), false)
#5 C:\xampp\htdocs\apps\b4t\index.php(37): CodeIgniter\CodeIgniter->run()
#6 {main}
