CRITICAL - 2021-11-30 10:35:34 --> Undefined property: stdClass::$circuits_deleted_at
#0 C:\xampp\apps\b4t\app\Models\backend\ContactsModel.php(78): CodeIgniter\Debug\Exceptions->errorHandler(2, 'Undefined prope...', 'C:\\xampp\\apps\\b...', 78)
#1 C:\xampp\apps\b4t\app\Controllers\backend\ContactsController.php(68): App\Models\backend\ContactsModel->delete(5)
#2 C:\xampp\apps\b4t\system\CodeIgniter.php(802): App\Controllers\backend\ContactsController->deleteAction()
#3 C:\xampp\apps\b4t\system\CodeIgniter.php(399): CodeIgniter\CodeIgniter->runController(Object(App\Controllers\backend\ContactsController))
#4 C:\xampp\apps\b4t\system\CodeIgniter.php(317): CodeIgniter\CodeIgniter->handleRequest(NULL, Object(Config\Cache), false)
#5 C:\xampp\htdocs\apps\b4t\index.php(37): CodeIgniter\CodeIgniter->run()
#6 {main}
CRITICAL - 2021-11-30 10:38:34 --> Undefined property: stdClass::$circuits_deleted_at
#0 C:\xampp\apps\b4t\app\Models\backend\ContactsModel.php(78): CodeIgniter\Debug\Exceptions->errorHandler(2, 'Undefined prope...', 'C:\\xampp\\apps\\b...', 78)
#1 C:\xampp\apps\b4t\app\Controllers\backend\ContactsController.php(68): App\Models\backend\ContactsModel->delete(4)
#2 C:\xampp\apps\b4t\system\CodeIgniter.php(802): App\Controllers\backend\ContactsController->deleteAction()
#3 C:\xampp\apps\b4t\system\CodeIgniter.php(399): CodeIgniter\CodeIgniter->runController(Object(App\Controllers\backend\ContactsController))
#4 C:\xampp\apps\b4t\system\CodeIgniter.php(317): CodeIgniter\CodeIgniter->handleRequest(NULL, Object(Config\Cache), false)
#5 C:\xampp\htdocs\apps\b4t\index.php(37): CodeIgniter\CodeIgniter->run()
#6 {main}
CRITICAL - 2021-11-30 10:39:27 --> Undefined property: stdClass::$circuits_deleted_at
#0 C:\xampp\apps\b4t\app\Models\backend\ContactsModel.php(78): CodeIgniter\Debug\Exceptions->errorHandler(2, 'Undefined prope...', 'C:\\xampp\\apps\\b...', 78)
#1 C:\xampp\apps\b4t\app\Controllers\backend\ContactsController.php(68): App\Models\backend\ContactsModel->delete(4)
#2 C:\xampp\apps\b4t\system\CodeIgniter.php(802): App\Controllers\backend\ContactsController->deleteAction()
#3 C:\xampp\apps\b4t\system\CodeIgniter.php(399): CodeIgniter\CodeIgniter->runController(Object(App\Controllers\backend\ContactsController))
#4 C:\xampp\apps\b4t\system\CodeIgniter.php(317): CodeIgniter\CodeIgniter->handleRequest(NULL, Object(Config\Cache), false)
#5 C:\xampp\htdocs\apps\b4t\index.php(37): CodeIgniter\CodeIgniter->run()
#6 {main}
CRITICAL - 2021-11-30 11:24:34 --> syntax error, unexpected token "endif", expecting end of file
#0 C:\xampp\apps\b4t\system\View\View.php(217): CodeIgniter\View\View->CodeIgniter\View\{closure}()
#1 C:\xampp\apps\b4t\system\View\View.php(432): CodeIgniter\View\View->render('backend/templat...', NULL, true)
#2 C:\xampp\apps\b4t\app\Views\backend\transactions\show_all_view.php(126): CodeIgniter\View\View->include('backend/templat...')
#3 C:\xampp\apps\b4t\system\View\View.php(214): include('C:\\xampp\\apps\\b...')
#4 C:\xampp\apps\b4t\system\View\View.php(217): CodeIgniter\View\View->CodeIgniter\View\{closure}()
#5 C:\xampp\apps\b4t\system\Common.php(1092): CodeIgniter\View\View->render('backend/transac...', Array, true)
#6 C:\xampp\apps\b4t\app\Controllers\backend\TransactionsController.php(20): view('backend/transac...', Array)
#7 C:\xampp\apps\b4t\system\CodeIgniter.php(802): App\Controllers\backend\TransactionsController->showAll()
#8 C:\xampp\apps\b4t\system\CodeIgniter.php(399): CodeIgniter\CodeIgniter->runController(Object(App\Controllers\backend\TransactionsController))
#9 C:\xampp\apps\b4t\system\CodeIgniter.php(317): CodeIgniter\CodeIgniter->handleRequest(NULL, Object(Config\Cache), false)
#10 C:\xampp\htdocs\apps\b4t\index.php(37): CodeIgniter\CodeIgniter->run()
#11 {main}
CRITICAL - 2021-11-30 11:29:23 --> in_array(): Argument #2 ($haystack) must be of type array, string given
#0 C:\xampp\apps\b4t\app\Views\backend\template\user_search_bar_view.php(53): in_array(Array, 'transactions')
#1 C:\xampp\apps\b4t\system\View\View.php(214): include('C:\\xampp\\apps\\b...')
#2 C:\xampp\apps\b4t\system\View\View.php(217): CodeIgniter\View\View->CodeIgniter\View\{closure}()
#3 C:\xampp\apps\b4t\system\View\View.php(432): CodeIgniter\View\View->render('backend/templat...', NULL, true)
#4 C:\xampp\apps\b4t\app\Views\backend\transactions\show_all_view.php(126): CodeIgniter\View\View->include('backend/templat...')
#5 C:\xampp\apps\b4t\system\View\View.php(214): include('C:\\xampp\\apps\\b...')
#6 C:\xampp\apps\b4t\system\View\View.php(217): CodeIgniter\View\View->CodeIgniter\View\{closure}()
#7 C:\xampp\apps\b4t\system\Common.php(1092): CodeIgniter\View\View->render('backend/transac...', Array, true)
#8 C:\xampp\apps\b4t\app\Controllers\backend\TransactionsController.php(20): view('backend/transac...', Array)
#9 C:\xampp\apps\b4t\system\CodeIgniter.php(802): App\Controllers\backend\TransactionsController->showAll()
#10 C:\xampp\apps\b4t\system\CodeIgniter.php(399): CodeIgniter\CodeIgniter->runController(Object(App\Controllers\backend\TransactionsController))
#11 C:\xampp\apps\b4t\system\CodeIgniter.php(317): CodeIgniter\CodeIgniter->handleRequest(NULL, Object(Config\Cache), false)
#12 C:\xampp\htdocs\apps\b4t\index.php(37): CodeIgniter\CodeIgniter->run()
#13 {main}
CRITICAL - 2021-11-30 11:35:55 --> Undefined property: stdClass::$news_deleted_at
#0 C:\xampp\apps\b4t\app\Views\backend\news\partials\_show_all_view.php(138): CodeIgniter\Debug\Exceptions->errorHandler(2, 'Undefined prope...', 'C:\\xampp\\apps\\b...', 138)
#1 C:\xampp\apps\b4t\system\View\View.php(214): include('C:\\xampp\\apps\\b...')
#2 C:\xampp\apps\b4t\system\View\View.php(217): CodeIgniter\View\View->CodeIgniter\View\{closure}()
#3 C:\xampp\apps\b4t\system\Common.php(1092): CodeIgniter\View\View->render('backend/news/pa...', Array, true)
#4 C:\xampp\apps\b4t\app\Controllers\backend\NewsController.php(45): view('backend/news/pa...', Array)
#5 C:\xampp\apps\b4t\system\CodeIgniter.php(802): App\Controllers\backend\NewsController->showAllAction()
#6 C:\xampp\apps\b4t\system\CodeIgniter.php(399): CodeIgniter\CodeIgniter->runController(Object(App\Controllers\backend\NewsController))
#7 C:\xampp\apps\b4t\system\CodeIgniter.php(317): CodeIgniter\CodeIgniter->handleRequest(NULL, Object(Config\Cache), false)
#8 C:\xampp\htdocs\apps\b4t\index.php(37): CodeIgniter\CodeIgniter->run()
#9 {main}
CRITICAL - 2021-11-30 12:41:40 --> Object of class stdClass could not be converted to string
#0 C:\xampp\apps\b4t\system\Database\Query.php(328): strtr('DELETE FROM `ev...', Array)
#1 C:\xampp\apps\b4t\system\Database\Query.php(302): CodeIgniter\Database\Query->matchNamedBinds('DELETE FROM `ev...', Array)
#2 C:\xampp\apps\b4t\system\Database\Query.php(150): CodeIgniter\Database\Query->compileBinds()
#3 C:\xampp\apps\b4t\system\Database\BaseConnection.php(591): CodeIgniter\Database\Query->getQuery()
#4 C:\xampp\apps\b4t\system\Database\BaseBuilder.php(2175): CodeIgniter\Database\BaseConnection->query('DELETE FROM `ev...', Array, false)
#5 C:\xampp\apps\b4t\app\Models\backend\EventsModel.php(484): CodeIgniter\Database\BaseBuilder->delete(Array)
#6 C:\xampp\apps\b4t\app\Controllers\backend\EventsController.php(205): App\Models\backend\EventsModel->delete(1)
#7 C:\xampp\apps\b4t\system\CodeIgniter.php(802): App\Controllers\backend\EventsController->deleteAction()
#8 C:\xampp\apps\b4t\system\CodeIgniter.php(399): CodeIgniter\CodeIgniter->runController(Object(App\Controllers\backend\EventsController))
#9 C:\xampp\apps\b4t\system\CodeIgniter.php(317): CodeIgniter\CodeIgniter->handleRequest(NULL, Object(Config\Cache), false)
#10 C:\xampp\htdocs\apps\b4t\index.php(37): CodeIgniter\CodeIgniter->run()
#11 {main}
CRITICAL - 2021-11-30 14:31:52 --> Undefined variable $new
#0 C:\xampp\apps\b4t\app\Views\backend\news\partials\_show_all_view.php(73): CodeIgniter\Debug\Exceptions->errorHandler(2, 'Undefined varia...', 'C:\\xampp\\apps\\b...', 73)
#1 C:\xampp\apps\b4t\system\View\View.php(214): include('C:\\xampp\\apps\\b...')
#2 C:\xampp\apps\b4t\system\View\View.php(217): CodeIgniter\View\View->CodeIgniter\View\{closure}()
#3 C:\xampp\apps\b4t\system\Common.php(1092): CodeIgniter\View\View->render('backend/news/pa...', Array, true)
#4 C:\xampp\apps\b4t\app\Controllers\backend\NewsController.php(45): view('backend/news/pa...', Array)
#5 C:\xampp\apps\b4t\system\CodeIgniter.php(802): App\Controllers\backend\NewsController->showAllAction()
#6 C:\xampp\apps\b4t\system\CodeIgniter.php(399): CodeIgniter\CodeIgniter->runController(Object(App\Controllers\backend\NewsController))
#7 C:\xampp\apps\b4t\system\CodeIgniter.php(317): CodeIgniter\CodeIgniter->handleRequest(NULL, Object(Config\Cache), false)
#8 C:\xampp\htdocs\apps\b4t\index.php(37): CodeIgniter\CodeIgniter->run()
#9 {main}
CRITICAL - 2021-11-30 15:34:20 --> Array to string conversion
#0 C:\xampp\apps\b4t\app\Views\backend\circuits\partials\_show_view.php(39): CodeIgniter\Debug\Exceptions->errorHandler(2, 'Array to string...', 'C:\\xampp\\apps\\b...', 39)
#1 C:\xampp\apps\b4t\system\View\View.php(214): include('C:\\xampp\\apps\\b...')
#2 C:\xampp\apps\b4t\system\View\View.php(217): CodeIgniter\View\View->CodeIgniter\View\{closure}()
#3 C:\xampp\apps\b4t\system\View\View.php(432): CodeIgniter\View\View->render('backend/circuit...', NULL, true)
#4 C:\xampp\apps\b4t\app\Views\backend\circuits\show_view.php(41): CodeIgniter\View\View->include('backend/circuit...')
#5 C:\xampp\apps\b4t\system\View\View.php(214): include('C:\\xampp\\apps\\b...')
#6 C:\xampp\apps\b4t\system\View\View.php(217): CodeIgniter\View\View->CodeIgniter\View\{closure}()
#7 C:\xampp\apps\b4t\system\Common.php(1092): CodeIgniter\View\View->render('backend/circuit...', Array, true)
#8 C:\xampp\apps\b4t\app\Controllers\backend\CircuitsController.php(210): view('backend/circuit...', Array)
#9 C:\xampp\apps\b4t\system\CodeIgniter.php(802): App\Controllers\backend\CircuitsController->show(2)
#10 C:\xampp\apps\b4t\system\CodeIgniter.php(399): CodeIgniter\CodeIgniter->runController(Object(App\Controllers\backend\CircuitsController))
#11 C:\xampp\apps\b4t\system\CodeIgniter.php(317): CodeIgniter\CodeIgniter->handleRequest(NULL, Object(Config\Cache), false)
#12 C:\xampp\htdocs\apps\b4t\index.php(37): CodeIgniter\CodeIgniter->run()
#13 {main}
CRITICAL - 2021-11-30 15:46:58 --> Undefined property: stdClass::$slug
#0 C:\xampp\apps\b4t\app\Views\backend\circuits\partials\_show_view.php(97): CodeIgniter\Debug\Exceptions->errorHandler(2, 'Undefined prope...', 'C:\\xampp\\apps\\b...', 97)
#1 C:\xampp\apps\b4t\system\View\View.php(214): include('C:\\xampp\\apps\\b...')
#2 C:\xampp\apps\b4t\system\View\View.php(217): CodeIgniter\View\View->CodeIgniter\View\{closure}()
#3 C:\xampp\apps\b4t\system\View\View.php(432): CodeIgniter\View\View->render('backend/circuit...', NULL, true)
#4 C:\xampp\apps\b4t\app\Views\backend\circuits\show_view.php(41): CodeIgniter\View\View->include('backend/circuit...')
#5 C:\xampp\apps\b4t\system\View\View.php(214): include('C:\\xampp\\apps\\b...')
#6 C:\xampp\apps\b4t\system\View\View.php(217): CodeIgniter\View\View->CodeIgniter\View\{closure}()
#7 C:\xampp\apps\b4t\system\Common.php(1092): CodeIgniter\View\View->render('backend/circuit...', Array, true)
#8 C:\xampp\apps\b4t\app\Controllers\backend\CircuitsController.php(210): view('backend/circuit...', Array)
#9 C:\xampp\apps\b4t\system\CodeIgniter.php(802): App\Controllers\backend\CircuitsController->show(2)
#10 C:\xampp\apps\b4t\system\CodeIgniter.php(399): CodeIgniter\CodeIgniter->runController(Object(App\Controllers\backend\CircuitsController))
#11 C:\xampp\apps\b4t\system\CodeIgniter.php(317): CodeIgniter\CodeIgniter->handleRequest(NULL, Object(Config\Cache), false)
#12 C:\xampp\htdocs\apps\b4t\index.php(37): CodeIgniter\CodeIgniter->run()
#13 {main}
CRITICAL - 2021-11-30 17:12:50 --> Invalid file: backend/organizers/show_view.php
#0 C:\xampp\apps\b4t\system\View\View.php(198): CodeIgniter\Exceptions\FrameworkException::forInvalidFile('backend/organiz...')
#1 C:\xampp\apps\b4t\system\Common.php(1092): CodeIgniter\View\View->render('backend/organiz...', Array, true)
#2 C:\xampp\apps\b4t\app\Controllers\backend\OrganizersController.php(192): view('backend/organiz...', Array)
#3 C:\xampp\apps\b4t\system\CodeIgniter.php(802): App\Controllers\backend\OrganizersController->show(2)
#4 C:\xampp\apps\b4t\system\CodeIgniter.php(399): CodeIgniter\CodeIgniter->runController(Object(App\Controllers\backend\OrganizersController))
#5 C:\xampp\apps\b4t\system\CodeIgniter.php(317): CodeIgniter\CodeIgniter->handleRequest(NULL, Object(Config\Cache), false)
#6 C:\xampp\htdocs\apps\b4t\index.php(37): CodeIgniter\CodeIgniter->run()
#7 {main}
CRITICAL - 2021-11-30 17:29:50 --> Undefined property: stdClass::$events_address
#0 C:\xampp\apps\b4t\app\Views\backend\events\partials\_show_view.php(18): CodeIgniter\Debug\Exceptions->errorHandler(2, 'Undefined prope...', 'C:\\xampp\\apps\\b...', 18)
#1 C:\xampp\apps\b4t\system\View\View.php(214): include('C:\\xampp\\apps\\b...')
#2 C:\xampp\apps\b4t\system\View\View.php(217): CodeIgniter\View\View->CodeIgniter\View\{closure}()
#3 C:\xampp\apps\b4t\system\View\View.php(432): CodeIgniter\View\View->render('backend/events/...', NULL, true)
#4 C:\xampp\apps\b4t\app\Views\backend\events\show_view.php(41): CodeIgniter\View\View->include('backend/events/...')
#5 C:\xampp\apps\b4t\system\View\View.php(214): include('C:\\xampp\\apps\\b...')
#6 C:\xampp\apps\b4t\system\View\View.php(217): CodeIgniter\View\View->CodeIgniter\View\{closure}()
#7 C:\xampp\apps\b4t\system\Common.php(1092): CodeIgniter\View\View->render('backend/events/...', Array, true)
#8 C:\xampp\apps\b4t\app\Controllers\backend\EventsController.php(197): view('backend/events/...', Array)
#9 C:\xampp\apps\b4t\system\CodeIgniter.php(802): App\Controllers\backend\EventsController->show(2)
#10 C:\xampp\apps\b4t\system\CodeIgniter.php(399): CodeIgniter\CodeIgniter->runController(Object(App\Controllers\backend\EventsController))
#11 C:\xampp\apps\b4t\system\CodeIgniter.php(317): CodeIgniter\CodeIgniter->handleRequest(NULL, Object(Config\Cache), false)
#12 C:\xampp\htdocs\apps\b4t\index.php(37): CodeIgniter\CodeIgniter->run()
#13 {main}
CRITICAL - 2021-11-30 17:34:28 --> Undefined property: stdClass::$events_short_description
#0 C:\xampp\apps\b4t\app\Views\backend\events\partials\_show_view.php(40): CodeIgniter\Debug\Exceptions->errorHandler(2, 'Undefined prope...', 'C:\\xampp\\apps\\b...', 40)
#1 C:\xampp\apps\b4t\system\View\View.php(214): include('C:\\xampp\\apps\\b...')
#2 C:\xampp\apps\b4t\system\View\View.php(217): CodeIgniter\View\View->CodeIgniter\View\{closure}()
#3 C:\xampp\apps\b4t\system\View\View.php(432): CodeIgniter\View\View->render('backend/events/...', NULL, true)
#4 C:\xampp\apps\b4t\app\Views\backend\events\show_view.php(41): CodeIgniter\View\View->include('backend/events/...')
#5 C:\xampp\apps\b4t\system\View\View.php(214): include('C:\\xampp\\apps\\b...')
#6 C:\xampp\apps\b4t\system\View\View.php(217): CodeIgniter\View\View->CodeIgniter\View\{closure}()
#7 C:\xampp\apps\b4t\system\Common.php(1092): CodeIgniter\View\View->render('backend/events/...', Array, true)
#8 C:\xampp\apps\b4t\app\Controllers\backend\EventsController.php(197): view('backend/events/...', Array)
#9 C:\xampp\apps\b4t\system\CodeIgniter.php(802): App\Controllers\backend\EventsController->show(2)
#10 C:\xampp\apps\b4t\system\CodeIgniter.php(399): CodeIgniter\CodeIgniter->runController(Object(App\Controllers\backend\EventsController))
#11 C:\xampp\apps\b4t\system\CodeIgniter.php(317): CodeIgniter\CodeIgniter->handleRequest(NULL, Object(Config\Cache), false)
#12 C:\xampp\htdocs\apps\b4t\index.php(37): CodeIgniter\CodeIgniter->run()
#13 {main}
CRITICAL - 2021-11-30 17:35:34 --> Undefined property: stdClass::$meta_tags_slug
#0 C:\xampp\apps\b4t\app\Views\backend\events\partials\_show_view.php(75): CodeIgniter\Debug\Exceptions->errorHandler(2, 'Undefined prope...', 'C:\\xampp\\apps\\b...', 75)
#1 C:\xampp\apps\b4t\system\View\View.php(214): include('C:\\xampp\\apps\\b...')
#2 C:\xampp\apps\b4t\system\View\View.php(217): CodeIgniter\View\View->CodeIgniter\View\{closure}()
#3 C:\xampp\apps\b4t\system\View\View.php(432): CodeIgniter\View\View->render('backend/events/...', NULL, true)
#4 C:\xampp\apps\b4t\app\Views\backend\events\show_view.php(41): CodeIgniter\View\View->include('backend/events/...')
#5 C:\xampp\apps\b4t\system\View\View.php(214): include('C:\\xampp\\apps\\b...')
#6 C:\xampp\apps\b4t\system\View\View.php(217): CodeIgniter\View\View->CodeIgniter\View\{closure}()
#7 C:\xampp\apps\b4t\system\Common.php(1092): CodeIgniter\View\View->render('backend/events/...', Array, true)
#8 C:\xampp\apps\b4t\app\Controllers\backend\EventsController.php(197): view('backend/events/...', Array)
#9 C:\xampp\apps\b4t\system\CodeIgniter.php(802): App\Controllers\backend\EventsController->show(2)
#10 C:\xampp\apps\b4t\system\CodeIgniter.php(399): CodeIgniter\CodeIgniter->runController(Object(App\Controllers\backend\EventsController))
#11 C:\xampp\apps\b4t\system\CodeIgniter.php(317): CodeIgniter\CodeIgniter->handleRequest(NULL, Object(Config\Cache), false)
#12 C:\xampp\htdocs\apps\b4t\index.php(37): CodeIgniter\CodeIgniter->run()
#13 {main}
CRITICAL - 2021-11-30 18:15:24 --> Invalid file: backend/transactions/partials/_show_view.php
#0 C:\xampp\apps\b4t\system\View\View.php(198): CodeIgniter\Exceptions\FrameworkException::forInvalidFile('backend/transac...')
#1 C:\xampp\apps\b4t\system\View\View.php(432): CodeIgniter\View\View->render('backend/transac...', NULL, true)
#2 C:\xampp\apps\b4t\app\Views\backend\transactions\show_view.php(41): CodeIgniter\View\View->include('backend/transac...')
#3 C:\xampp\apps\b4t\system\View\View.php(214): include('C:\\xampp\\apps\\b...')
#4 C:\xampp\apps\b4t\system\View\View.php(217): CodeIgniter\View\View->CodeIgniter\View\{closure}()
#5 C:\xampp\apps\b4t\system\Common.php(1092): CodeIgniter\View\View->render('backend/transac...', Array, true)
#6 C:\xampp\apps\b4t\app\Controllers\backend\TransactionsController.php(101): view('backend/transac...', Array)
#7 C:\xampp\apps\b4t\system\CodeIgniter.php(802): App\Controllers\backend\TransactionsController->show(4)
#8 C:\xampp\apps\b4t\system\CodeIgniter.php(399): CodeIgniter\CodeIgniter->runController(Object(App\Controllers\backend\TransactionsController))
#9 C:\xampp\apps\b4t\system\CodeIgniter.php(317): CodeIgniter\CodeIgniter->handleRequest(NULL, Object(Config\Cache), false)
#10 C:\xampp\htdocs\apps\b4t\index.php(37): CodeIgniter\CodeIgniter->run()
#11 {main}
CRITICAL - 2021-11-30 18:37:07 --> Undefined property: stdClass::$news_address
#0 C:\xampp\apps\b4t\app\Views\backend\news\partials\_show_view.php(18): CodeIgniter\Debug\Exceptions->errorHandler(2, 'Undefined prope...', 'C:\\xampp\\apps\\b...', 18)
#1 C:\xampp\apps\b4t\system\View\View.php(214): include('C:\\xampp\\apps\\b...')
#2 C:\xampp\apps\b4t\system\View\View.php(217): CodeIgniter\View\View->CodeIgniter\View\{closure}()
#3 C:\xampp\apps\b4t\system\View\View.php(432): CodeIgniter\View\View->render('backend/news/pa...', NULL, true)
#4 C:\xampp\apps\b4t\app\Views\backend\news\show_view.php(34): CodeIgniter\View\View->include('backend/news/pa...')
#5 C:\xampp\apps\b4t\system\View\View.php(214): include('C:\\xampp\\apps\\b...')
#6 C:\xampp\apps\b4t\system\View\View.php(217): CodeIgniter\View\View->CodeIgniter\View\{closure}()
#7 C:\xampp\apps\b4t\system\Common.php(1092): CodeIgniter\View\View->render('backend/news/sh...', Array, true)
#8 C:\xampp\apps\b4t\app\Controllers\backend\NewsController.php(160): view('backend/news/sh...', Array)
#9 C:\xampp\apps\b4t\system\CodeIgniter.php(802): App\Controllers\backend\NewsController->show(1)
#10 C:\xampp\apps\b4t\system\CodeIgniter.php(399): CodeIgniter\CodeIgniter->runController(Object(App\Controllers\backend\NewsController))
#11 C:\xampp\apps\b4t\system\CodeIgniter.php(317): CodeIgniter\CodeIgniter->handleRequest(NULL, Object(Config\Cache), false)
#12 C:\xampp\htdocs\apps\b4t\index.php(37): CodeIgniter\CodeIgniter->run()
#13 {main}
CRITICAL - 2021-11-30 18:42:04 --> Undefined property: stdClass::$news_organizer_id
#0 C:\xampp\apps\b4t\app\Views\backend\news\partials\_show_view.php(17): CodeIgniter\Debug\Exceptions->errorHandler(2, 'Undefined prope...', 'C:\\xampp\\apps\\b...', 17)
#1 C:\xampp\apps\b4t\system\View\View.php(214): include('C:\\xampp\\apps\\b...')
#2 C:\xampp\apps\b4t\system\View\View.php(217): CodeIgniter\View\View->CodeIgniter\View\{closure}()
#3 C:\xampp\apps\b4t\system\View\View.php(432): CodeIgniter\View\View->render('backend/news/pa...', NULL, true)
#4 C:\xampp\apps\b4t\app\Views\backend\news\show_view.php(34): CodeIgniter\View\View->include('backend/news/pa...')
#5 C:\xampp\apps\b4t\system\View\View.php(214): include('C:\\xampp\\apps\\b...')
#6 C:\xampp\apps\b4t\system\View\View.php(217): CodeIgniter\View\View->CodeIgniter\View\{closure}()
#7 C:\xampp\apps\b4t\system\Common.php(1092): CodeIgniter\View\View->render('backend/news/sh...', Array, true)
#8 C:\xampp\apps\b4t\app\Controllers\backend\NewsController.php(160): view('backend/news/sh...', Array)
#9 C:\xampp\apps\b4t\system\CodeIgniter.php(802): App\Controllers\backend\NewsController->show(1)
#10 C:\xampp\apps\b4t\system\CodeIgniter.php(399): CodeIgniter\CodeIgniter->runController(Object(App\Controllers\backend\NewsController))
#11 C:\xampp\apps\b4t\system\CodeIgniter.php(317): CodeIgniter\CodeIgniter->handleRequest(NULL, Object(Config\Cache), false)
#12 C:\xampp\htdocs\apps\b4t\index.php(37): CodeIgniter\CodeIgniter->run()
#13 {main}
