CRITICAL - 2021-11-24 15:37:24 --> Undefined variable $title
#0 C:\xampp\apps\b4t\app\Views\frontend\template\header_view.php(40): CodeIgniter\Debug\Exceptions->errorHandler(2, 'Undefined varia...', 'C:\\xampp\\apps\\b...', 40)
#1 C:\xampp\apps\b4t\system\View\View.php(214): include('C:\\xampp\\apps\\b...')
#2 C:\xampp\apps\b4t\system\View\View.php(217): CodeIgniter\View\View->CodeIgniter\View\{closure}()
#3 C:\xampp\apps\b4t\system\Common.php(1092): CodeIgniter\View\View->render('frontend/templa...', Array, true)
#4 C:\xampp\apps\b4t\app\Views\frontend\template\main_view.php(1): view('frontend/templa...')
#5 C:\xampp\apps\b4t\system\View\View.php(214): include('C:\\xampp\\apps\\b...')
#6 C:\xampp\apps\b4t\system\View\View.php(217): CodeIgniter\View\View->CodeIgniter\View\{closure}()
#7 C:\xampp\apps\b4t\system\View\View.php(230): CodeIgniter\View\View->render('frontend/templa...', Array, true)
#8 C:\xampp\apps\b4t\system\Common.php(1092): CodeIgniter\View\View->render('frontend/contac...', Array, true)
#9 C:\xampp\apps\b4t\app\Controllers\frontend\ContactsController.php(20): view('frontend/contac...', Array)
#10 C:\xampp\apps\b4t\system\CodeIgniter.php(802): App\Controllers\frontend\ContactsController->index()
#11 C:\xampp\apps\b4t\system\CodeIgniter.php(399): CodeIgniter\CodeIgniter->runController(Object(App\Controllers\frontend\ContactsController))
#12 C:\xampp\apps\b4t\system\CodeIgniter.php(317): CodeIgniter\CodeIgniter->handleRequest(NULL, Object(Config\Cache), false)
#13 C:\xampp\htdocs\apps\b4t\index.php(37): CodeIgniter\CodeIgniter->run()
#14 {main}
CRITICAL - 2021-11-24 15:37:28 --> Undefined variable $title
#0 C:\xampp\apps\b4t\app\Views\frontend\template\header_view.php(40): CodeIgniter\Debug\Exceptions->errorHandler(2, 'Undefined varia...', 'C:\\xampp\\apps\\b...', 40)
#1 C:\xampp\apps\b4t\system\View\View.php(214): include('C:\\xampp\\apps\\b...')
#2 C:\xampp\apps\b4t\system\View\View.php(217): CodeIgniter\View\View->CodeIgniter\View\{closure}()
#3 C:\xampp\apps\b4t\system\Common.php(1092): CodeIgniter\View\View->render('frontend/templa...', Array, true)
#4 C:\xampp\apps\b4t\app\Views\frontend\template\main_view.php(1): view('frontend/templa...')
#5 C:\xampp\apps\b4t\system\View\View.php(214): include('C:\\xampp\\apps\\b...')
#6 C:\xampp\apps\b4t\system\View\View.php(217): CodeIgniter\View\View->CodeIgniter\View\{closure}()
#7 C:\xampp\apps\b4t\system\View\View.php(230): CodeIgniter\View\View->render('frontend/templa...', Array, true)
#8 C:\xampp\apps\b4t\system\Common.php(1092): CodeIgniter\View\View->render('frontend/contac...', Array, true)
#9 C:\xampp\apps\b4t\app\Controllers\frontend\ContactsController.php(20): view('frontend/contac...', Array)
#10 C:\xampp\apps\b4t\system\CodeIgniter.php(802): App\Controllers\frontend\ContactsController->index()
#11 C:\xampp\apps\b4t\system\CodeIgniter.php(399): CodeIgniter\CodeIgniter->runController(Object(App\Controllers\frontend\ContactsController))
#12 C:\xampp\apps\b4t\system\CodeIgniter.php(317): CodeIgniter\CodeIgniter->handleRequest(NULL, Object(Config\Cache), false)
#13 C:\xampp\htdocs\apps\b4t\index.php(37): CodeIgniter\CodeIgniter->run()
#14 {main}
CRITICAL - 2021-11-24 15:50:56 --> Undefined variable $title
#0 C:\xampp\apps\b4t\app\Views\frontend\template\header_view.php(40): CodeIgniter\Debug\Exceptions->errorHandler(2, 'Undefined varia...', 'C:\\xampp\\apps\\b...', 40)
#1 C:\xampp\apps\b4t\system\View\View.php(214): include('C:\\xampp\\apps\\b...')
#2 C:\xampp\apps\b4t\system\View\View.php(217): CodeIgniter\View\View->CodeIgniter\View\{closure}()
#3 C:\xampp\apps\b4t\system\Common.php(1092): CodeIgniter\View\View->render('frontend/templa...', Array, true)
#4 C:\xampp\apps\b4t\app\Views\frontend\template\main_view.php(1): view('frontend/templa...')
#5 C:\xampp\apps\b4t\system\View\View.php(214): include('C:\\xampp\\apps\\b...')
#6 C:\xampp\apps\b4t\system\View\View.php(217): CodeIgniter\View\View->CodeIgniter\View\{closure}()
#7 C:\xampp\apps\b4t\system\View\View.php(230): CodeIgniter\View\View->render('frontend/templa...', Array, true)
#8 C:\xampp\apps\b4t\system\Common.php(1092): CodeIgniter\View\View->render('frontend/member...', Array, true)
#9 C:\xampp\apps\b4t\app\Controllers\frontend\MembersController.php(32): view('frontend/member...', Array)
#10 C:\xampp\apps\b4t\system\CodeIgniter.php(802): App\Controllers\frontend\MembersController->login()
#11 C:\xampp\apps\b4t\system\CodeIgniter.php(399): CodeIgniter\CodeIgniter->runController(Object(App\Controllers\frontend\MembersController))
#12 C:\xampp\apps\b4t\system\CodeIgniter.php(317): CodeIgniter\CodeIgniter->handleRequest(NULL, Object(Config\Cache), false)
#13 C:\xampp\htdocs\apps\b4t\index.php(37): CodeIgniter\CodeIgniter->run()
#14 {main}
CRITICAL - 2021-11-24 15:53:03 --> Undefined variable $title
#0 C:\xampp\apps\b4t\app\Views\frontend\template\header_view.php(40): CodeIgniter\Debug\Exceptions->errorHandler(2, 'Undefined varia...', 'C:\\xampp\\apps\\b...', 40)
#1 C:\xampp\apps\b4t\system\View\View.php(214): include('C:\\xampp\\apps\\b...')
#2 C:\xampp\apps\b4t\system\View\View.php(217): CodeIgniter\View\View->CodeIgniter\View\{closure}()
#3 C:\xampp\apps\b4t\system\Common.php(1092): CodeIgniter\View\View->render('frontend/templa...', Array, true)
#4 C:\xampp\apps\b4t\app\Views\frontend\template\main_view.php(1): view('frontend/templa...')
#5 C:\xampp\apps\b4t\system\View\View.php(214): include('C:\\xampp\\apps\\b...')
#6 C:\xampp\apps\b4t\system\View\View.php(217): CodeIgniter\View\View->CodeIgniter\View\{closure}()
#7 C:\xampp\apps\b4t\system\View\View.php(230): CodeIgniter\View\View->render('frontend/templa...', Array, true)
#8 C:\xampp\apps\b4t\system\Common.php(1092): CodeIgniter\View\View->render('frontend/organi...', Array, true)
#9 C:\xampp\apps\b4t\app\Controllers\frontend\OrganizersController.php(111): view('frontend/organi...', Array)
#10 C:\xampp\apps\b4t\system\CodeIgniter.php(802): App\Controllers\frontend\OrganizersController->login()
#11 C:\xampp\apps\b4t\system\CodeIgniter.php(399): CodeIgniter\CodeIgniter->runController(Object(App\Controllers\frontend\OrganizersController))
#12 C:\xampp\apps\b4t\system\CodeIgniter.php(317): CodeIgniter\CodeIgniter->handleRequest(NULL, Object(Config\Cache), false)
#13 C:\xampp\htdocs\apps\b4t\index.php(37): CodeIgniter\CodeIgniter->run()
#14 {main}
CRITICAL - 2021-11-24 15:53:34 --> Undefined variable $title
#0 C:\xampp\apps\b4t\app\Views\frontend\template\header_view.php(40): CodeIgniter\Debug\Exceptions->errorHandler(2, 'Undefined varia...', 'C:\\xampp\\apps\\b...', 40)
#1 C:\xampp\apps\b4t\system\View\View.php(214): include('C:\\xampp\\apps\\b...')
#2 C:\xampp\apps\b4t\system\View\View.php(217): CodeIgniter\View\View->CodeIgniter\View\{closure}()
#3 C:\xampp\apps\b4t\system\Common.php(1092): CodeIgniter\View\View->render('frontend/templa...', Array, true)
#4 C:\xampp\apps\b4t\app\Views\frontend\template\main_view.php(1): view('frontend/templa...')
#5 C:\xampp\apps\b4t\system\View\View.php(214): include('C:\\xampp\\apps\\b...')
#6 C:\xampp\apps\b4t\system\View\View.php(217): CodeIgniter\View\View->CodeIgniter\View\{closure}()
#7 C:\xampp\apps\b4t\system\View\View.php(230): CodeIgniter\View\View->render('frontend/templa...', Array, true)
#8 C:\xampp\apps\b4t\system\Common.php(1092): CodeIgniter\View\View->render('frontend/organi...', Array, true)
#9 C:\xampp\apps\b4t\app\Controllers\frontend\OrganizersController.php(111): view('frontend/organi...', Array)
#10 C:\xampp\apps\b4t\system\CodeIgniter.php(802): App\Controllers\frontend\OrganizersController->login()
#11 C:\xampp\apps\b4t\system\CodeIgniter.php(399): CodeIgniter\CodeIgniter->runController(Object(App\Controllers\frontend\OrganizersController))
#12 C:\xampp\apps\b4t\system\CodeIgniter.php(317): CodeIgniter\CodeIgniter->handleRequest(NULL, Object(Config\Cache), false)
#13 C:\xampp\htdocs\apps\b4t\index.php(37): CodeIgniter\CodeIgniter->run()
#14 {main}
CRITICAL - 2021-11-24 15:57:11 --> Invalid file: frontend/organizers/members_view.php
#0 C:\xampp\apps\b4t\system\View\View.php(198): CodeIgniter\Exceptions\FrameworkException::forInvalidFile('frontend/organi...')
#1 C:\xampp\apps\b4t\system\Common.php(1092): CodeIgniter\View\View->render('frontend/organi...', Array, true)
#2 C:\xampp\apps\b4t\app\Controllers\frontend\OrganizersController.php(421): view('frontend/organi...', Array)
#3 C:\xampp\apps\b4t\system\CodeIgniter.php(802): App\Controllers\frontend\OrganizersController->members()
#4 C:\xampp\apps\b4t\system\CodeIgniter.php(399): CodeIgniter\CodeIgniter->runController(Object(App\Controllers\frontend\OrganizersController))
#5 C:\xampp\apps\b4t\system\CodeIgniter.php(317): CodeIgniter\CodeIgniter->handleRequest(NULL, Object(Config\Cache), false)
#6 C:\xampp\htdocs\apps\b4t\index.php(37): CodeIgniter\CodeIgniter->run()
#7 {main}
CRITICAL - 2021-11-24 15:57:17 --> Invalid file: frontend/organizers/members_view.php
#0 C:\xampp\apps\b4t\system\View\View.php(198): CodeIgniter\Exceptions\FrameworkException::forInvalidFile('frontend/organi...')
#1 C:\xampp\apps\b4t\system\Common.php(1092): CodeIgniter\View\View->render('frontend/organi...', Array, true)
#2 C:\xampp\apps\b4t\app\Controllers\frontend\OrganizersController.php(421): view('frontend/organi...', Array)
#3 C:\xampp\apps\b4t\system\CodeIgniter.php(802): App\Controllers\frontend\OrganizersController->members()
#4 C:\xampp\apps\b4t\system\CodeIgniter.php(399): CodeIgniter\CodeIgniter->runController(Object(App\Controllers\frontend\OrganizersController))
#5 C:\xampp\apps\b4t\system\CodeIgniter.php(317): CodeIgniter\CodeIgniter->handleRequest(NULL, Object(Config\Cache), false)
#6 C:\xampp\htdocs\apps\b4t\index.php(37): CodeIgniter\CodeIgniter->run()
#7 {main}
CRITICAL - 2021-11-24 16:53:12 --> Undefined variable $title
#0 C:\xampp\apps\b4t\app\Views\frontend\template\header_view.php(40): CodeIgniter\Debug\Exceptions->errorHandler(2, 'Undefined varia...', 'C:\\xampp\\apps\\b...', 40)
#1 C:\xampp\apps\b4t\system\View\View.php(214): include('C:\\xampp\\apps\\b...')
#2 C:\xampp\apps\b4t\system\View\View.php(217): CodeIgniter\View\View->CodeIgniter\View\{closure}()
#3 C:\xampp\apps\b4t\system\Common.php(1092): CodeIgniter\View\View->render('frontend/templa...', Array, true)
#4 C:\xampp\apps\b4t\app\Views\frontend\template\main_view.php(1): view('frontend/templa...')
#5 C:\xampp\apps\b4t\system\View\View.php(214): include('C:\\xampp\\apps\\b...')
#6 C:\xampp\apps\b4t\system\View\View.php(217): CodeIgniter\View\View->CodeIgniter\View\{closure}()
#7 C:\xampp\apps\b4t\system\View\View.php(230): CodeIgniter\View\View->render('frontend/templa...', Array, true)
#8 C:\xampp\apps\b4t\system\Common.php(1092): CodeIgniter\View\View->render('frontend/contac...', Array, true)
#9 C:\xampp\apps\b4t\app\Controllers\frontend\ContactsController.php(20): view('frontend/contac...', Array)
#10 C:\xampp\apps\b4t\system\CodeIgniter.php(802): App\Controllers\frontend\ContactsController->index()
#11 C:\xampp\apps\b4t\system\CodeIgniter.php(399): CodeIgniter\CodeIgniter->runController(Object(App\Controllers\frontend\ContactsController))
#12 C:\xampp\apps\b4t\system\CodeIgniter.php(317): CodeIgniter\CodeIgniter->handleRequest(NULL, Object(Config\Cache), false)
#13 C:\xampp\htdocs\apps\b4t\index.php(37): CodeIgniter\CodeIgniter->run()
#14 {main}
CRITICAL - 2021-11-24 16:54:41 --> Undefined variable $title
#0 C:\xampp\apps\b4t\app\Views\frontend\template\header_view.php(40): CodeIgniter\Debug\Exceptions->errorHandler(2, 'Undefined varia...', 'C:\\xampp\\apps\\b...', 40)
#1 C:\xampp\apps\b4t\system\View\View.php(214): include('C:\\xampp\\apps\\b...')
#2 C:\xampp\apps\b4t\system\View\View.php(217): CodeIgniter\View\View->CodeIgniter\View\{closure}()
#3 C:\xampp\apps\b4t\system\Common.php(1092): CodeIgniter\View\View->render('frontend/templa...', Array, true)
#4 C:\xampp\apps\b4t\app\Views\frontend\template\main_view.php(1): view('frontend/templa...')
#5 C:\xampp\apps\b4t\system\View\View.php(214): include('C:\\xampp\\apps\\b...')
#6 C:\xampp\apps\b4t\system\View\View.php(217): CodeIgniter\View\View->CodeIgniter\View\{closure}()
#7 C:\xampp\apps\b4t\system\View\View.php(230): CodeIgniter\View\View->render('frontend/templa...', Array, true)
#8 C:\xampp\apps\b4t\system\Common.php(1092): CodeIgniter\View\View->render('frontend/contac...', Array, true)
#9 C:\xampp\apps\b4t\app\Controllers\frontend\ContactsController.php(20): view('frontend/contac...', Array)
#10 C:\xampp\apps\b4t\system\CodeIgniter.php(802): App\Controllers\frontend\ContactsController->index()
#11 C:\xampp\apps\b4t\system\CodeIgniter.php(399): CodeIgniter\CodeIgniter->runController(Object(App\Controllers\frontend\ContactsController))
#12 C:\xampp\apps\b4t\system\CodeIgniter.php(317): CodeIgniter\CodeIgniter->handleRequest(NULL, Object(Config\Cache), false)
#13 C:\xampp\htdocs\apps\b4t\index.php(37): CodeIgniter\CodeIgniter->run()
#14 {main}
CRITICAL - 2021-11-24 16:54:52 --> Undefined variable $title
#0 C:\xampp\apps\b4t\app\Views\frontend\template\header_view.php(40): CodeIgniter\Debug\Exceptions->errorHandler(2, 'Undefined varia...', 'C:\\xampp\\apps\\b...', 40)
#1 C:\xampp\apps\b4t\system\View\View.php(214): include('C:\\xampp\\apps\\b...')
#2 C:\xampp\apps\b4t\system\View\View.php(217): CodeIgniter\View\View->CodeIgniter\View\{closure}()
#3 C:\xampp\apps\b4t\system\Common.php(1092): CodeIgniter\View\View->render('frontend/templa...', Array, true)
#4 C:\xampp\apps\b4t\app\Views\frontend\template\main_view.php(1): view('frontend/templa...')
#5 C:\xampp\apps\b4t\system\View\View.php(214): include('C:\\xampp\\apps\\b...')
#6 C:\xampp\apps\b4t\system\View\View.php(217): CodeIgniter\View\View->CodeIgniter\View\{closure}()
#7 C:\xampp\apps\b4t\system\View\View.php(230): CodeIgniter\View\View->render('frontend/templa...', Array, true)
#8 C:\xampp\apps\b4t\system\Common.php(1092): CodeIgniter\View\View->render('frontend/contac...', Array, true)
#9 C:\xampp\apps\b4t\app\Controllers\frontend\ContactsController.php(20): view('frontend/contac...', Array)
#10 C:\xampp\apps\b4t\system\CodeIgniter.php(802): App\Controllers\frontend\ContactsController->index()
#11 C:\xampp\apps\b4t\system\CodeIgniter.php(399): CodeIgniter\CodeIgniter->runController(Object(App\Controllers\frontend\ContactsController))
#12 C:\xampp\apps\b4t\system\CodeIgniter.php(317): CodeIgniter\CodeIgniter->handleRequest(NULL, Object(Config\Cache), false)
#13 C:\xampp\htdocs\apps\b4t\index.php(37): CodeIgniter\CodeIgniter->run()
#14 {main}
CRITICAL - 2021-11-24 16:57:14 --> You must set the database table to be used with your query.
#0 C:\xampp\apps\b4t\app\Models\frontend\FrontendModel.php(37): CodeIgniter\Database\BaseConnection->table('')
#1 C:\xampp\apps\b4t\app\Controllers\frontend\ContactsController.php(13): App\Models\frontend\FrontendModel->__construct()
#2 C:\xampp\apps\b4t\system\CodeIgniter.php(779): App\Controllers\frontend\ContactsController->__construct()
#3 C:\xampp\apps\b4t\system\CodeIgniter.php(390): CodeIgniter\CodeIgniter->createController()
#4 C:\xampp\apps\b4t\system\CodeIgniter.php(317): CodeIgniter\CodeIgniter->handleRequest(NULL, Object(Config\Cache), false)
#5 C:\xampp\htdocs\apps\b4t\index.php(37): CodeIgniter\CodeIgniter->run()
#6 {main}
CRITICAL - 2021-11-24 16:57:50 --> Undefined property: App\Controllers\frontend\ContactsController::$circuitsModel
#0 C:\xampp\apps\b4t\app\Controllers\frontend\ContactsController.php(19): CodeIgniter\Debug\Exceptions->errorHandler(2, 'Undefined prope...', 'C:\\xampp\\apps\\b...', 19)
#1 C:\xampp\apps\b4t\system\CodeIgniter.php(802): App\Controllers\frontend\ContactsController->index()
#2 C:\xampp\apps\b4t\system\CodeIgniter.php(399): CodeIgniter\CodeIgniter->runController(Object(App\Controllers\frontend\ContactsController))
#3 C:\xampp\apps\b4t\system\CodeIgniter.php(317): CodeIgniter\CodeIgniter->handleRequest(NULL, Object(Config\Cache), false)
#4 C:\xampp\htdocs\apps\b4t\index.php(37): CodeIgniter\CodeIgniter->run()
#5 {main}
