CRITICAL - 2021-11-26 13:04:15 --> Undefined property: stdClass::$news_organizer
#0 C:\xampp\apps\b4t\app\Views\backend\news\partials\_show_all_view.php(66): CodeIgniter\Debug\Exceptions->errorHandler(8, 'Undefined prope...', 'C:\\xampp\\apps\\b...', 66, Array)
#1 C:\xampp\apps\b4t\system\View\View.php(214): include('C:\\xampp\\apps\\b...')
#2 C:\xampp\apps\b4t\system\View\View.php(217): CodeIgniter\View\View->CodeIgniter\View\{closure}()
#3 C:\xampp\apps\b4t\system\Common.php(1092): CodeIgniter\View\View->render('backend/news/pa...', Array, true)
#4 C:\xampp\apps\b4t\app\Controllers\backend\NewsController.php(45): view('backend/news/pa...', Array)
#5 C:\xampp\apps\b4t\system\CodeIgniter.php(802): App\Controllers\backend\NewsController->showAllAction()
#6 C:\xampp\apps\b4t\system\CodeIgniter.php(399): CodeIgniter\CodeIgniter->runController(Object(App\Controllers\backend\NewsController))
#7 C:\xampp\apps\b4t\system\CodeIgniter.php(317): CodeIgniter\CodeIgniter->handleRequest(NULL, Object(Config\Cache), false)
#8 C:\xampp\htdocs\apps\b4t\index.php(37): CodeIgniter\CodeIgniter->run()
#9 {main}
CRITICAL - 2021-11-26 13:06:13 --> Undefined property: stdClass::$news_organizer_id
#0 C:\xampp\apps\b4t\app\Views\backend\news\partials\_show_all_view.php(66): CodeIgniter\Debug\Exceptions->errorHandler(8, 'Undefined prope...', 'C:\\xampp\\apps\\b...', 66, Array)
#1 C:\xampp\apps\b4t\system\View\View.php(214): include('C:\\xampp\\apps\\b...')
#2 C:\xampp\apps\b4t\system\View\View.php(217): CodeIgniter\View\View->CodeIgniter\View\{closure}()
#3 C:\xampp\apps\b4t\system\Common.php(1092): CodeIgniter\View\View->render('backend/news/pa...', Array, true)
#4 C:\xampp\apps\b4t\app\Controllers\backend\NewsController.php(45): view('backend/news/pa...', Array)
#5 C:\xampp\apps\b4t\system\CodeIgniter.php(802): App\Controllers\backend\NewsController->showAllAction()
#6 C:\xampp\apps\b4t\system\CodeIgniter.php(399): CodeIgniter\CodeIgniter->runController(Object(App\Controllers\backend\NewsController))
#7 C:\xampp\apps\b4t\system\CodeIgniter.php(317): CodeIgniter\CodeIgniter->handleRequest(NULL, Object(Config\Cache), false)
#8 C:\xampp\htdocs\apps\b4t\index.php(37): CodeIgniter\CodeIgniter->run()
#9 {main}
CRITICAL - 2021-11-26 14:47:03 --> syntax error, unexpected 'false' (T_STRING)
#0 C:\xampp\apps\b4t\system\Autoloader\Autoloader.php(241): CodeIgniter\Autoloader\Autoloader->includeFile('C:\\xampp\\apps\\b...')
#1 C:\xampp\apps\b4t\system\Autoloader\Autoloader.php(219): CodeIgniter\Autoloader\Autoloader->loadInNamespace('App\\Validation\\...')
#2 [internal function]: CodeIgniter\Autoloader\Autoloader->loadClass('App\\Validation\\...')
#3 C:\xampp\apps\b4t\system\Validation\Validation.php(497): spl_autoload_call('App\\Validation\\...')
#4 C:\xampp\apps\b4t\system\Validation\Validation.php(115): CodeIgniter\Validation\Validation->loadRuleSets()
#5 C:\xampp\apps\b4t\system\Controller.php(160): CodeIgniter\Validation\Validation->run()
#6 C:\xampp\apps\b4t\app\Controllers\backend\NewsController.php(34): CodeIgniter\Controller->validate(Array)
#7 C:\xampp\apps\b4t\system\CodeIgniter.php(802): App\Controllers\backend\NewsController->showAllAction()
#8 C:\xampp\apps\b4t\system\CodeIgniter.php(399): CodeIgniter\CodeIgniter->runController(Object(App\Controllers\backend\NewsController))
#9 C:\xampp\apps\b4t\system\CodeIgniter.php(317): CodeIgniter\CodeIgniter->handleRequest(NULL, Object(Config\Cache), false)
#10 C:\xampp\htdocs\apps\b4t\index.php(37): CodeIgniter\CodeIgniter->run()
#11 {main}
CRITICAL - 2021-11-26 14:47:21 --> syntax error, unexpected 'false' (T_STRING)
#0 C:\xampp\apps\b4t\system\Autoloader\Autoloader.php(241): CodeIgniter\Autoloader\Autoloader->includeFile('C:\\xampp\\apps\\b...')
#1 C:\xampp\apps\b4t\system\Autoloader\Autoloader.php(219): CodeIgniter\Autoloader\Autoloader->loadInNamespace('App\\Validation\\...')
#2 [internal function]: CodeIgniter\Autoloader\Autoloader->loadClass('App\\Validation\\...')
#3 C:\xampp\apps\b4t\system\Validation\Validation.php(497): spl_autoload_call('App\\Validation\\...')
#4 C:\xampp\apps\b4t\system\Validation\Validation.php(115): CodeIgniter\Validation\Validation->loadRuleSets()
#5 C:\xampp\apps\b4t\system\Controller.php(160): CodeIgniter\Validation\Validation->run()
#6 C:\xampp\apps\b4t\app\Controllers\backend\NewsController.php(34): CodeIgniter\Controller->validate(Array)
#7 C:\xampp\apps\b4t\system\CodeIgniter.php(802): App\Controllers\backend\NewsController->showAllAction()
#8 C:\xampp\apps\b4t\system\CodeIgniter.php(399): CodeIgniter\CodeIgniter->runController(Object(App\Controllers\backend\NewsController))
#9 C:\xampp\apps\b4t\system\CodeIgniter.php(317): CodeIgniter\CodeIgniter->handleRequest(NULL, Object(Config\Cache), false)
#10 C:\xampp\htdocs\apps\b4t\index.php(37): CodeIgniter\CodeIgniter->run()
#11 {main}
CRITICAL - 2021-11-26 14:51:46 --> is_natural_no_zero_plus is not a valid rule.
#0 C:\xampp\apps\b4t\system\Validation\Validation.php(285): CodeIgniter\Validation\Exceptions\ValidationException::forRuleNotFound('is_natural_no_z...')
#1 C:\xampp\apps\b4t\system\Validation\Validation.php(151): CodeIgniter\Validation\Validation->processRules('searchIds.news_...', 'searchIds.news_...', '0', Array, Array)
#2 C:\xampp\apps\b4t\system\Controller.php(160): CodeIgniter\Validation\Validation->run()
#3 C:\xampp\apps\b4t\app\Controllers\backend\NewsController.php(34): CodeIgniter\Controller->validate(Array)
#4 C:\xampp\apps\b4t\system\CodeIgniter.php(802): App\Controllers\backend\NewsController->showAllAction()
#5 C:\xampp\apps\b4t\system\CodeIgniter.php(399): CodeIgniter\CodeIgniter->runController(Object(App\Controllers\backend\NewsController))
#6 C:\xampp\apps\b4t\system\CodeIgniter.php(317): CodeIgniter\CodeIgniter->handleRequest(NULL, Object(Config\Cache), false)
#7 C:\xampp\htdocs\apps\b4t\index.php(37): CodeIgniter\CodeIgniter->run()
#8 {main}
CRITICAL - 2021-11-26 14:51:51 --> is_natural_no_zero_plus is not a valid rule.
#0 C:\xampp\apps\b4t\system\Validation\Validation.php(285): CodeIgniter\Validation\Exceptions\ValidationException::forRuleNotFound('is_natural_no_z...')
#1 C:\xampp\apps\b4t\system\Validation\Validation.php(151): CodeIgniter\Validation\Validation->processRules('searchIds.news_...', 'searchIds.news_...', '-1', Array, Array)
#2 C:\xampp\apps\b4t\system\Controller.php(160): CodeIgniter\Validation\Validation->run()
#3 C:\xampp\apps\b4t\app\Controllers\backend\NewsController.php(34): CodeIgniter\Controller->validate(Array)
#4 C:\xampp\apps\b4t\system\CodeIgniter.php(802): App\Controllers\backend\NewsController->showAllAction()
#5 C:\xampp\apps\b4t\system\CodeIgniter.php(399): CodeIgniter\CodeIgniter->runController(Object(App\Controllers\backend\NewsController))
#6 C:\xampp\apps\b4t\system\CodeIgniter.php(317): CodeIgniter\CodeIgniter->handleRequest(NULL, Object(Config\Cache), false)
#7 C:\xampp\htdocs\apps\b4t\index.php(37): CodeIgniter\CodeIgniter->run()
#8 {main}
CRITICAL - 2021-11-26 14:53:40 --> syntax error, unexpected '='
#0 C:\xampp\apps\b4t\system\Autoloader\Autoloader.php(241): CodeIgniter\Autoloader\Autoloader->includeFile('C:\\xampp\\apps\\b...')
#1 C:\xampp\apps\b4t\system\Autoloader\Autoloader.php(219): CodeIgniter\Autoloader\Autoloader->loadInNamespace('App\\Validation\\...')
#2 [internal function]: CodeIgniter\Autoloader\Autoloader->loadClass('App\\Validation\\...')
#3 C:\xampp\apps\b4t\system\Validation\Validation.php(497): spl_autoload_call('App\\Validation\\...')
#4 C:\xampp\apps\b4t\system\Validation\Validation.php(115): CodeIgniter\Validation\Validation->loadRuleSets()
#5 C:\xampp\apps\b4t\system\Controller.php(160): CodeIgniter\Validation\Validation->run()
#6 C:\xampp\apps\b4t\app\Controllers\backend\NewsController.php(34): CodeIgniter\Controller->validate(Array)
#7 C:\xampp\apps\b4t\system\CodeIgniter.php(802): App\Controllers\backend\NewsController->showAllAction()
#8 C:\xampp\apps\b4t\system\CodeIgniter.php(399): CodeIgniter\CodeIgniter->runController(Object(App\Controllers\backend\NewsController))
#9 C:\xampp\apps\b4t\system\CodeIgniter.php(317): CodeIgniter\CodeIgniter->handleRequest(NULL, Object(Config\Cache), false)
#10 C:\xampp\htdocs\apps\b4t\index.php(37): CodeIgniter\CodeIgniter->run()
#11 {main}
CRITICAL - 2021-11-26 15:57:16 --> syntax error, unexpected '=>' (T_DOUBLE_ARROW), expecting ')'
#0 C:\xampp\apps\b4t\system\Autoloader\Autoloader.php(241): CodeIgniter\Autoloader\Autoloader->includeFile('C:\\xampp\\apps\\b...')
#1 C:\xampp\apps\b4t\system\Autoloader\Autoloader.php(219): CodeIgniter\Autoloader\Autoloader->loadInNamespace('App\\Models\\back...')
#2 [internal function]: CodeIgniter\Autoloader\Autoloader->loadClass('App\\Models\\back...')
#3 C:\xampp\apps\b4t\app\Config\Services.php(75): spl_autoload_call('App\\Models\\back...')
#4 C:\xampp\apps\b4t\system\Config\BaseService.php(189): Config\Services::news(false)
#5 C:\xampp\apps\b4t\app\Config\Services.php(72): CodeIgniter\Config\BaseService::getSharedInstance('news')
#6 C:\xampp\apps\b4t\system\Common.php(932): Config\Services::news()
#7 C:\xampp\apps\b4t\app\Controllers\backend\BackendController.php(63): service('news')
#8 C:\xampp\apps\b4t\system\CodeIgniter.php(780): App\Controllers\backend\BackendController->initController(Object(CodeIgniter\HTTP\IncomingRequest), Object(CodeIgniter\HTTP\Response), Object(CodeIgniter\Log\Logger))
#9 C:\xampp\apps\b4t\system\CodeIgniter.php(390): CodeIgniter\CodeIgniter->createController()
#10 C:\xampp\apps\b4t\system\CodeIgniter.php(317): CodeIgniter\CodeIgniter->handleRequest(NULL, Object(Config\Cache), false)
#11 C:\xampp\htdocs\apps\b4t\index.php(37): CodeIgniter\CodeIgniter->run()
#12 {main}
CRITICAL - 2021-11-26 16:05:36 --> Undefined property: App\Controllers\backend\NewsController::$newssModel
#0 C:\xampp\apps\b4t\app\Controllers\backend\NewsController.php(199): CodeIgniter\Debug\Exceptions->errorHandler(8, 'Undefined prope...', 'C:\\xampp\\apps\\b...', 199, Array)
#1 C:\xampp\apps\b4t\app\Controllers\backend\NewsController.php(184): App\Controllers\backend\NewsController->_getNewsOr404('4')
#2 C:\xampp\apps\b4t\system\CodeIgniter.php(802): App\Controllers\backend\NewsController->inHomeAction()
#3 C:\xampp\apps\b4t\system\CodeIgniter.php(399): CodeIgniter\CodeIgniter->runController(Object(App\Controllers\backend\NewsController))
#4 C:\xampp\apps\b4t\system\CodeIgniter.php(317): CodeIgniter\CodeIgniter->handleRequest(NULL, Object(Config\Cache), false)
#5 C:\xampp\htdocs\apps\b4t\index.php(37): CodeIgniter\CodeIgniter->run()
#6 {main}
ERROR - 2021-11-26 16:19:00 --> Unknown column 'organizer' in 'order clause'
CRITICAL - 2021-11-26 16:19:00 --> Unknown column 'organizer' in 'order clause'
#0 C:\xampp\apps\b4t\system\Database\MySQLi\Connection.php(280): mysqli->query('SELECT `news_id...')
#1 C:\xampp\apps\b4t\system\Database\BaseConnection.php(663): CodeIgniter\Database\MySQLi\Connection->execute('SELECT `news_id...')
#2 C:\xampp\apps\b4t\system\Database\BaseConnection.php(591): CodeIgniter\Database\BaseConnection->simpleQuery('SELECT `news_id...')
#3 C:\xampp\apps\b4t\system\Database\BaseBuilder.php(1428): CodeIgniter\Database\BaseConnection->query('SELECT `news_id...', Array, false)
#4 C:\xampp\apps\b4t\app\Models\frontend\FrontendModel.php(79): CodeIgniter\Database\BaseBuilder->get()
#5 C:\xampp\apps\b4t\app\Controllers\frontend\NewsController.php(40): App\Models\frontend\FrontendModel->getData(Array)
#6 C:\xampp\apps\b4t\system\CodeIgniter.php(802): App\Controllers\frontend\NewsController->indexAction()
#7 C:\xampp\apps\b4t\system\CodeIgniter.php(399): CodeIgniter\CodeIgniter->runController(Object(App\Controllers\frontend\NewsController))
#8 C:\xampp\apps\b4t\system\CodeIgniter.php(317): CodeIgniter\CodeIgniter->handleRequest(NULL, Object(Config\Cache), false)
#9 C:\xampp\htdocs\apps\b4t\index.php(37): CodeIgniter\CodeIgniter->run()
#10 {main}
ERROR - 2021-11-26 16:19:18 --> Unknown column 'organizer' in 'order clause'
CRITICAL - 2021-11-26 16:19:18 --> Unknown column 'organizer' in 'order clause'
#0 C:\xampp\apps\b4t\system\Database\MySQLi\Connection.php(280): mysqli->query('SELECT `news_id...')
#1 C:\xampp\apps\b4t\system\Database\BaseConnection.php(663): CodeIgniter\Database\MySQLi\Connection->execute('SELECT `news_id...')
#2 C:\xampp\apps\b4t\system\Database\BaseConnection.php(591): CodeIgniter\Database\BaseConnection->simpleQuery('SELECT `news_id...')
#3 C:\xampp\apps\b4t\system\Database\BaseBuilder.php(1428): CodeIgniter\Database\BaseConnection->query('SELECT `news_id...', Array, false)
#4 C:\xampp\apps\b4t\app\Models\frontend\FrontendModel.php(79): CodeIgniter\Database\BaseBuilder->get()
#5 C:\xampp\apps\b4t\app\Controllers\frontend\NewsController.php(40): App\Models\frontend\FrontendModel->getData(Array)
#6 C:\xampp\apps\b4t\system\CodeIgniter.php(802): App\Controllers\frontend\NewsController->indexAction()
#7 C:\xampp\apps\b4t\system\CodeIgniter.php(399): CodeIgniter\CodeIgniter->runController(Object(App\Controllers\frontend\NewsController))
#8 C:\xampp\apps\b4t\system\CodeIgniter.php(317): CodeIgniter\CodeIgniter->handleRequest(NULL, Object(Config\Cache), false)
#9 C:\xampp\htdocs\apps\b4t\index.php(37): CodeIgniter\CodeIgniter->run()
#10 {main}
CRITICAL - 2021-11-26 16:19:28 --> Undefined variable: title
#0 C:\xampp\apps\b4t\app\Views\frontend\template\header_view.php(40): CodeIgniter\Debug\Exceptions->errorHandler(8, 'Undefined varia...', 'C:\\xampp\\apps\\b...', 40, Array)
#1 C:\xampp\apps\b4t\system\View\View.php(214): include('C:\\xampp\\apps\\b...')
#2 C:\xampp\apps\b4t\system\View\View.php(217): CodeIgniter\View\View->CodeIgniter\View\{closure}()
#3 C:\xampp\apps\b4t\system\Common.php(1092): CodeIgniter\View\View->render('frontend/templa...', Array, true)
#4 C:\xampp\apps\b4t\app\Views\frontend\template\main_view.php(1): view('frontend/templa...')
#5 C:\xampp\apps\b4t\system\View\View.php(214): include('C:\\xampp\\apps\\b...')
#6 C:\xampp\apps\b4t\system\View\View.php(217): CodeIgniter\View\View->CodeIgniter\View\{closure}()
#7 C:\xampp\apps\b4t\system\View\View.php(230): CodeIgniter\View\View->render('frontend/templa...', Array, true)
#8 C:\xampp\apps\b4t\system\Common.php(1092): CodeIgniter\View\View->render('frontend/news/s...', Array, true)
#9 C:\xampp\apps\b4t\app\Controllers\frontend\NewsController.php(57): view('frontend/news/s...', Array)
#10 C:\xampp\apps\b4t\system\CodeIgniter.php(802): App\Controllers\frontend\NewsController->show('indexAction')
#11 C:\xampp\apps\b4t\system\CodeIgniter.php(399): CodeIgniter\CodeIgniter->runController(Object(App\Controllers\frontend\NewsController))
#12 C:\xampp\apps\b4t\system\CodeIgniter.php(317): CodeIgniter\CodeIgniter->handleRequest(NULL, Object(Config\Cache), false)
#13 C:\xampp\htdocs\apps\b4t\index.php(37): CodeIgniter\CodeIgniter->run()
#14 {main}
ERROR - 2021-11-26 16:19:42 --> Unknown column 'organizer' in 'order clause'
CRITICAL - 2021-11-26 16:19:42 --> Unknown column 'organizer' in 'order clause'
#0 C:\xampp\apps\b4t\system\Database\MySQLi\Connection.php(280): mysqli->query('SELECT `news_id...')
#1 C:\xampp\apps\b4t\system\Database\BaseConnection.php(663): CodeIgniter\Database\MySQLi\Connection->execute('SELECT `news_id...')
#2 C:\xampp\apps\b4t\system\Database\BaseConnection.php(591): CodeIgniter\Database\BaseConnection->simpleQuery('SELECT `news_id...')
#3 C:\xampp\apps\b4t\system\Database\BaseBuilder.php(1428): CodeIgniter\Database\BaseConnection->query('SELECT `news_id...', Array, false)
#4 C:\xampp\apps\b4t\app\Models\frontend\FrontendModel.php(79): CodeIgniter\Database\BaseBuilder->get()
#5 C:\xampp\apps\b4t\app\Controllers\frontend\NewsController.php(40): App\Models\frontend\FrontendModel->getData(Array)
#6 C:\xampp\apps\b4t\system\CodeIgniter.php(802): App\Controllers\frontend\NewsController->indexAction()
#7 C:\xampp\apps\b4t\system\CodeIgniter.php(399): CodeIgniter\CodeIgniter->runController(Object(App\Controllers\frontend\NewsController))
#8 C:\xampp\apps\b4t\system\CodeIgniter.php(317): CodeIgniter\CodeIgniter->handleRequest(NULL, Object(Config\Cache), false)
#9 C:\xampp\htdocs\apps\b4t\index.php(37): CodeIgniter\CodeIgniter->run()
#10 {main}
ERROR - 2021-11-26 16:19:48 --> Unknown column 'organizer' in 'order clause'
CRITICAL - 2021-11-26 16:19:48 --> Unknown column 'organizer' in 'order clause'
#0 C:\xampp\apps\b4t\system\Database\MySQLi\Connection.php(280): mysqli->query('SELECT `news_id...')
#1 C:\xampp\apps\b4t\system\Database\BaseConnection.php(663): CodeIgniter\Database\MySQLi\Connection->execute('SELECT `news_id...')
#2 C:\xampp\apps\b4t\system\Database\BaseConnection.php(591): CodeIgniter\Database\BaseConnection->simpleQuery('SELECT `news_id...')
#3 C:\xampp\apps\b4t\system\Database\BaseBuilder.php(1428): CodeIgniter\Database\BaseConnection->query('SELECT `news_id...', Array, false)
#4 C:\xampp\apps\b4t\app\Models\frontend\FrontendModel.php(79): CodeIgniter\Database\BaseBuilder->get()
#5 C:\xampp\apps\b4t\app\Controllers\frontend\NewsController.php(40): App\Models\frontend\FrontendModel->getData(Array)
#6 C:\xampp\apps\b4t\system\CodeIgniter.php(802): App\Controllers\frontend\NewsController->indexAction()
#7 C:\xampp\apps\b4t\system\CodeIgniter.php(399): CodeIgniter\CodeIgniter->runController(Object(App\Controllers\frontend\NewsController))
#8 C:\xampp\apps\b4t\system\CodeIgniter.php(317): CodeIgniter\CodeIgniter->handleRequest(NULL, Object(Config\Cache), false)
#9 C:\xampp\htdocs\apps\b4t\index.php(37): CodeIgniter\CodeIgniter->run()
#10 {main}
CRITICAL - 2021-11-26 16:20:41 --> Undefined variable: title
#0 C:\xampp\apps\b4t\app\Views\frontend\template\header_view.php(40): CodeIgniter\Debug\Exceptions->errorHandler(8, 'Undefined varia...', 'C:\\xampp\\apps\\b...', 40, Array)
#1 C:\xampp\apps\b4t\system\View\View.php(214): include('C:\\xampp\\apps\\b...')
#2 C:\xampp\apps\b4t\system\View\View.php(217): CodeIgniter\View\View->CodeIgniter\View\{closure}()
#3 C:\xampp\apps\b4t\system\Common.php(1092): CodeIgniter\View\View->render('frontend/templa...', Array, true)
#4 C:\xampp\apps\b4t\app\Views\frontend\template\main_view.php(1): view('frontend/templa...')
#5 C:\xampp\apps\b4t\system\View\View.php(214): include('C:\\xampp\\apps\\b...')
#6 C:\xampp\apps\b4t\system\View\View.php(217): CodeIgniter\View\View->CodeIgniter\View\{closure}()
#7 C:\xampp\apps\b4t\system\View\View.php(230): CodeIgniter\View\View->render('frontend/templa...', Array, true)
#8 C:\xampp\apps\b4t\system\Common.php(1092): CodeIgniter\View\View->render('frontend/news/s...', Array, true)
#9 C:\xampp\apps\b4t\app\Controllers\frontend\NewsController.php(57): view('frontend/news/s...', Array)
#10 C:\xampp\apps\b4t\system\CodeIgniter.php(802): App\Controllers\frontend\NewsController->show('indexAction')
#11 C:\xampp\apps\b4t\system\CodeIgniter.php(399): CodeIgniter\CodeIgniter->runController(Object(App\Controllers\frontend\NewsController))
#12 C:\xampp\apps\b4t\system\CodeIgniter.php(317): CodeIgniter\CodeIgniter->handleRequest(NULL, Object(Config\Cache), false)
#13 C:\xampp\htdocs\apps\b4t\index.php(37): CodeIgniter\CodeIgniter->run()
#14 {main}
ERROR - 2021-11-26 16:21:15 --> Unknown column 'organizer' in 'order clause'
CRITICAL - 2021-11-26 16:21:15 --> Unknown column 'organizer' in 'order clause'
#0 C:\xampp\apps\b4t\system\Database\MySQLi\Connection.php(280): mysqli->query('SELECT `news_id...')
#1 C:\xampp\apps\b4t\system\Database\BaseConnection.php(663): CodeIgniter\Database\MySQLi\Connection->execute('SELECT `news_id...')
#2 C:\xampp\apps\b4t\system\Database\BaseConnection.php(591): CodeIgniter\Database\BaseConnection->simpleQuery('SELECT `news_id...')
#3 C:\xampp\apps\b4t\system\Database\BaseBuilder.php(1428): CodeIgniter\Database\BaseConnection->query('SELECT `news_id...', Array, false)
#4 C:\xampp\apps\b4t\app\Models\frontend\FrontendModel.php(79): CodeIgniter\Database\BaseBuilder->get()
#5 C:\xampp\apps\b4t\app\Controllers\frontend\NewsController.php(40): App\Models\frontend\FrontendModel->getData(Array)
#6 C:\xampp\apps\b4t\system\CodeIgniter.php(802): App\Controllers\frontend\NewsController->indexAction()
#7 C:\xampp\apps\b4t\system\CodeIgniter.php(399): CodeIgniter\CodeIgniter->runController(Object(App\Controllers\frontend\NewsController))
#8 C:\xampp\apps\b4t\system\CodeIgniter.php(317): CodeIgniter\CodeIgniter->handleRequest(NULL, Object(Config\Cache), false)
#9 C:\xampp\htdocs\apps\b4t\index.php(37): CodeIgniter\CodeIgniter->run()
#10 {main}
ERROR - 2021-11-26 16:22:13 --> Unknown column 'organizer' in 'order clause'
CRITICAL - 2021-11-26 16:22:13 --> Unknown column 'organizer' in 'order clause'
#0 C:\xampp\apps\b4t\system\Database\MySQLi\Connection.php(280): mysqli->query('SELECT `news_id...')
#1 C:\xampp\apps\b4t\system\Database\BaseConnection.php(663): CodeIgniter\Database\MySQLi\Connection->execute('SELECT `news_id...')
#2 C:\xampp\apps\b4t\system\Database\BaseConnection.php(591): CodeIgniter\Database\BaseConnection->simpleQuery('SELECT `news_id...')
#3 C:\xampp\apps\b4t\system\Database\BaseBuilder.php(1428): CodeIgniter\Database\BaseConnection->query('SELECT `news_id...', Array, false)
#4 C:\xampp\apps\b4t\app\Models\frontend\FrontendModel.php(79): CodeIgniter\Database\BaseBuilder->get()
#5 C:\xampp\apps\b4t\app\Controllers\frontend\NewsController.php(40): App\Models\frontend\FrontendModel->getData(Array)
#6 C:\xampp\apps\b4t\system\CodeIgniter.php(802): App\Controllers\frontend\NewsController->indexAction()
#7 C:\xampp\apps\b4t\system\CodeIgniter.php(399): CodeIgniter\CodeIgniter->runController(Object(App\Controllers\frontend\NewsController))
#8 C:\xampp\apps\b4t\system\CodeIgniter.php(317): CodeIgniter\CodeIgniter->handleRequest(NULL, Object(Config\Cache), false)
#9 C:\xampp\htdocs\apps\b4t\index.php(37): CodeIgniter\CodeIgniter->run()
#10 {main}
ERROR - 2021-11-26 16:22:18 --> Unknown column 'organizer' in 'order clause'
CRITICAL - 2021-11-26 16:22:18 --> Unknown column 'organizer' in 'order clause'
#0 C:\xampp\apps\b4t\system\Database\MySQLi\Connection.php(280): mysqli->query('SELECT `news_id...')
#1 C:\xampp\apps\b4t\system\Database\BaseConnection.php(663): CodeIgniter\Database\MySQLi\Connection->execute('SELECT `news_id...')
#2 C:\xampp\apps\b4t\system\Database\BaseConnection.php(591): CodeIgniter\Database\BaseConnection->simpleQuery('SELECT `news_id...')
#3 C:\xampp\apps\b4t\system\Database\BaseBuilder.php(1428): CodeIgniter\Database\BaseConnection->query('SELECT `news_id...', Array, false)
#4 C:\xampp\apps\b4t\app\Models\frontend\FrontendModel.php(79): CodeIgniter\Database\BaseBuilder->get()
#5 C:\xampp\apps\b4t\app\Controllers\frontend\NewsController.php(40): App\Models\frontend\FrontendModel->getData(Array)
#6 C:\xampp\apps\b4t\system\CodeIgniter.php(802): App\Controllers\frontend\NewsController->indexAction()
#7 C:\xampp\apps\b4t\system\CodeIgniter.php(399): CodeIgniter\CodeIgniter->runController(Object(App\Controllers\frontend\NewsController))
#8 C:\xampp\apps\b4t\system\CodeIgniter.php(317): CodeIgniter\CodeIgniter->handleRequest(NULL, Object(Config\Cache), false)
#9 C:\xampp\htdocs\apps\b4t\index.php(37): CodeIgniter\CodeIgniter->run()
#10 {main}
CRITICAL - 2021-11-26 17:39:52 --> Undefined variable: status
#0 C:\xampp\apps\b4t\app\Views\backend\news\partials\_show_all_view.php(127): CodeIgniter\Debug\Exceptions->errorHandler(8, 'Undefined varia...', 'C:\\xampp\\apps\\b...', 127, Array)
#1 C:\xampp\apps\b4t\system\View\View.php(214): include('C:\\xampp\\apps\\b...')
#2 C:\xampp\apps\b4t\system\View\View.php(217): CodeIgniter\View\View->CodeIgniter\View\{closure}()
#3 C:\xampp\apps\b4t\system\Common.php(1092): CodeIgniter\View\View->render('backend/news/pa...', Array, true)
#4 C:\xampp\apps\b4t\app\Controllers\backend\NewsController.php(45): view('backend/news/pa...', Array)
#5 C:\xampp\apps\b4t\system\CodeIgniter.php(802): App\Controllers\backend\NewsController->showAllAction()
#6 C:\xampp\apps\b4t\system\CodeIgniter.php(399): CodeIgniter\CodeIgniter->runController(Object(App\Controllers\backend\NewsController))
#7 C:\xampp\apps\b4t\system\CodeIgniter.php(317): CodeIgniter\CodeIgniter->handleRequest(NULL, Object(Config\Cache), false)
#8 C:\xampp\htdocs\apps\b4t\index.php(37): CodeIgniter\CodeIgniter->run()
#9 {main}
CRITICAL - 2021-11-26 17:51:17 --> Undefined variable: title
#0 C:\xampp\apps\b4t\app\Views\frontend\template\header_view.php(40): CodeIgniter\Debug\Exceptions->errorHandler(8, 'Undefined varia...', 'C:\\xampp\\apps\\b...', 40, Array)
#1 C:\xampp\apps\b4t\system\View\View.php(214): include('C:\\xampp\\apps\\b...')
#2 C:\xampp\apps\b4t\system\View\View.php(217): CodeIgniter\View\View->CodeIgniter\View\{closure}()
#3 C:\xampp\apps\b4t\system\Common.php(1092): CodeIgniter\View\View->render('frontend/templa...', Array, true)
#4 C:\xampp\apps\b4t\app\Views\frontend\template\main_view.php(1): view('frontend/templa...')
#5 C:\xampp\apps\b4t\system\View\View.php(214): include('C:\\xampp\\apps\\b...')
#6 C:\xampp\apps\b4t\system\View\View.php(217): CodeIgniter\View\View->CodeIgniter\View\{closure}()
#7 C:\xampp\apps\b4t\system\View\View.php(230): CodeIgniter\View\View->render('frontend/templa...', Array, true)
#8 C:\xampp\apps\b4t\system\Common.php(1092): CodeIgniter\View\View->render('frontend/news/s...', Array, true)
#9 C:\xampp\apps\b4t\app\Controllers\frontend\NewsController.php(57): view('frontend/news/s...', Array)
#10 C:\xampp\apps\b4t\system\CodeIgniter.php(802): App\Controllers\frontend\NewsController->show('la-spaccatella-...')
#11 C:\xampp\apps\b4t\system\CodeIgniter.php(399): CodeIgniter\CodeIgniter->runController(Object(App\Controllers\frontend\NewsController))
#12 C:\xampp\apps\b4t\system\CodeIgniter.php(317): CodeIgniter\CodeIgniter->handleRequest(NULL, Object(Config\Cache), false)
#13 C:\xampp\htdocs\apps\b4t\index.php(37): CodeIgniter\CodeIgniter->run()
#14 {main}
CRITICAL - 2021-11-26 18:03:09 --> Undefined variable: title
#0 C:\xampp\apps\b4t\app\Views\frontend\template\header_view.php(40): CodeIgniter\Debug\Exceptions->errorHandler(8, 'Undefined varia...', 'C:\\xampp\\apps\\b...', 40, Array)
#1 C:\xampp\apps\b4t\system\View\View.php(214): include('C:\\xampp\\apps\\b...')
#2 C:\xampp\apps\b4t\system\View\View.php(217): CodeIgniter\View\View->CodeIgniter\View\{closure}()
#3 C:\xampp\apps\b4t\system\Common.php(1092): CodeIgniter\View\View->render('frontend/templa...', Array, true)
#4 C:\xampp\apps\b4t\app\Views\frontend\template\main_view.php(1): view('frontend/templa...')
#5 C:\xampp\apps\b4t\system\View\View.php(214): include('C:\\xampp\\apps\\b...')
#6 C:\xampp\apps\b4t\system\View\View.php(217): CodeIgniter\View\View->CodeIgniter\View\{closure}()
#7 C:\xampp\apps\b4t\system\View\View.php(230): CodeIgniter\View\View->render('frontend/templa...', Array, true)
#8 C:\xampp\apps\b4t\system\Common.php(1092): CodeIgniter\View\View->render('frontend/events...', Array, true)
#9 C:\xampp\apps\b4t\app\Controllers\frontend\EventsController.php(57): view('frontend/events...', Array)
#10 C:\xampp\apps\b4t\system\CodeIgniter.php(802): App\Controllers\frontend\EventsController->show('show', 'quae-dolores-et...')
#11 C:\xampp\apps\b4t\system\CodeIgniter.php(399): CodeIgniter\CodeIgniter->runController(Object(App\Controllers\frontend\EventsController))
#12 C:\xampp\apps\b4t\system\CodeIgniter.php(317): CodeIgniter\CodeIgniter->handleRequest(NULL, Object(Config\Cache), false)
#13 C:\xampp\htdocs\apps\b4t\index.php(37): CodeIgniter\CodeIgniter->run()
#14 {main}
CRITICAL - 2021-11-26 18:04:38 --> Undefined variable: title
#0 C:\xampp\apps\b4t\app\Views\frontend\template\header_view.php(40): CodeIgniter\Debug\Exceptions->errorHandler(8, 'Undefined varia...', 'C:\\xampp\\apps\\b...', 40, Array)
#1 C:\xampp\apps\b4t\system\View\View.php(214): include('C:\\xampp\\apps\\b...')
#2 C:\xampp\apps\b4t\system\View\View.php(217): CodeIgniter\View\View->CodeIgniter\View\{closure}()
#3 C:\xampp\apps\b4t\system\Common.php(1092): CodeIgniter\View\View->render('frontend/templa...', Array, true)
#4 C:\xampp\apps\b4t\app\Views\frontend\template\main_view.php(1): view('frontend/templa...')
#5 C:\xampp\apps\b4t\system\View\View.php(214): include('C:\\xampp\\apps\\b...')
#6 C:\xampp\apps\b4t\system\View\View.php(217): CodeIgniter\View\View->CodeIgniter\View\{closure}()
#7 C:\xampp\apps\b4t\system\View\View.php(230): CodeIgniter\View\View->render('frontend/templa...', Array, true)
#8 C:\xampp\apps\b4t\system\Common.php(1092): CodeIgniter\View\View->render('frontend/events...', Array, true)
#9 C:\xampp\apps\b4t\app\Controllers\frontend\EventsController.php(57): view('frontend/events...', Array)
#10 C:\xampp\apps\b4t\system\CodeIgniter.php(802): App\Controllers\frontend\EventsController->show('show', 'quae-dolores-et...')
#11 C:\xampp\apps\b4t\system\CodeIgniter.php(399): CodeIgniter\CodeIgniter->runController(Object(App\Controllers\frontend\EventsController))
#12 C:\xampp\apps\b4t\system\CodeIgniter.php(317): CodeIgniter\CodeIgniter->handleRequest(NULL, Object(Config\Cache), false)
#13 C:\xampp\htdocs\apps\b4t\index.php(37): CodeIgniter\CodeIgniter->run()
#14 {main}
